<?xml version="1.0" encoding="UTF-8"?>
<!-- Generated by org.testng.reporters.JUnitXMLReporter -->
<testsuite ignored="15" hostname="ATMECSINLT-038" failures="0" tests="17" name="Test" time="18.186" errors="0" timestamp="27 Sep 2019 07:39:56 GMT">
  <testcase classname="com.atmecs.testBase.TestBase" name="@BeforeTest intitailizeBrowser" time="17.326">
    <failure type="org.openqa.selenium.SessionNotCreatedException" message="session not created
from chrome not reachable
  (Session info: chrome=77.0.3865.90)
Build info: version: &amp;apos;3.141.59&amp;apos;, revision: &amp;apos;e82be7d358&amp;apos;, time: &amp;apos;2018-11-14T08:17:03&amp;apos;
System info: host: &amp;apos;ATMECSINLT-038&amp;apos;, ip: &amp;apos;55.55.52.193&amp;apos;, os.name: &amp;apos;Windows 10&amp;apos;, os.arch: &amp;apos;amd64&amp;apos;, os.version: &amp;apos;10.0&amp;apos;, java.version: &amp;apos;12.0.1&amp;apos;
Driver info: driver.version: ChromeDriver
remote stacktrace: Backtrace:
	Ordinal0 [0x0066EB13+1501971]
	Ordinal0 [0x005EF6D1+980689]
	Ordinal0 [0x00577508+488712]
	Ordinal0 [0x0057131A+463642]
	Ordinal0 [0x005719C8+465352]
	Ordinal0 [0x00572AA5+469669]
	Ordinal0 [0x0056EC85+453765]
	Ordinal0 [0x00578330+492336]
	Ordinal0 [0x0052A108+172296]
	Ordinal0 [0x0052942D+169005]
	Ordinal0 [0x005278EB+162027]
	Ordinal0 [0x00510AC7+68295]
	Ordinal0 [0x00511B40+72512]
	Ordinal0 [0x00511AD9+72409]
	Ordinal0 [0x00608F37+1085239]
	GetHandleVerifier [0x0070D7ED+503293]
	GetHandleVerifier [0x0070D580+502672]
	GetHandleVerifier [0x007146AC+531644]
	GetHandleVerifier [0x0070DFFA+505354]
	Ordinal0 [0x00600606+1050118]
	Ordinal0 [0x0060047F+1049727]
	Ordinal0 [0x0060AF9B+1093531]
	Ordinal0 [0x0060B103+1093891]
	Ordinal0 [0x0060A095+1089685]
	BaseThreadInitThunk [0x764560C9+25]
	RtlGetAppContainerNamedObjectPath [0x77DB7A94+228]
	RtlGetAppContainerNamedObjectPath [0x77DB7A64+180]
">
      <![CDATA[org.openqa.selenium.SessionNotCreatedException: session not created
from chrome not reachable
  (Session info: chrome=77.0.3865.90)
Build info: version: '3.141.59', revision: 'e82be7d358', time: '2018-11-14T08:17:03'
System info: host: 'ATMECSINLT-038', ip: '55.55.52.193', os.name: 'Windows 10', os.arch: 'amd64', os.version: '10.0', java.version: '12.0.1'
Driver info: driver.version: ChromeDriver
remote stacktrace: Backtrace:
Ordinal0 [0x0066EB13+1501971]
Ordinal0 [0x005EF6D1+980689]
Ordinal0 [0x00577508+488712]
Ordinal0 [0x0057131A+463642]
Ordinal0 [0x005719C8+465352]
Ordinal0 [0x00572AA5+469669]
Ordinal0 [0x0056EC85+453765]
Ordinal0 [0x00578330+492336]
Ordinal0 [0x0052A108+172296]
Ordinal0 [0x0052942D+169005]
Ordinal0 [0x005278EB+162027]
Ordinal0 [0x00510AC7+68295]
Ordinal0 [0x00511B40+72512]
Ordinal0 [0x00511AD9+72409]
Ordinal0 [0x00608F37+1085239]
GetHandleVerifier [0x0070D7ED+503293]
GetHandleVerifier [0x0070D580+502672]
GetHandleVerifier [0x007146AC+531644]
GetHandleVerifier [0x0070DFFA+505354]
Ordinal0 [0x00600606+1050118]
Ordinal0 [0x0060047F+1049727]
Ordinal0 [0x0060AF9B+1093531]
Ordinal0 [0x0060B103+1093891]
Ordinal0 [0x0060A095+1089685]
BaseThreadInitThunk [0x764560C9+25]
RtlGetAppContainerNamedObjectPath [0x77DB7A94+228]
RtlGetAppContainerNamedObjectPath [0x77DB7A64+180]

at org.openqa.selenium.remote.W3CHandshakeResponse.lambda$errorHandler$0(W3CHandshakeResponse.java:62)
at org.openqa.selenium.remote.HandshakeResponse.lambda$getResponseFunction$0(HandshakeResponse.java:30)
at org.openqa.selenium.remote.ProtocolHandshake.lambda$createSession$0(ProtocolHandshake.java:126)
at java.base/java.util.stream.ReferencePipeline$3$1.accept(ReferencePipeline.java:195)
at java.base/java.util.Spliterators$ArraySpliterator.tryAdvance(Spliterators.java:958)
at java.base/java.util.stream.ReferencePipeline.forEachWithCancel(ReferencePipeline.java:127)
at java.base/java.util.stream.AbstractPipeline.copyIntoWithCancel(AbstractPipeline.java:502)
at java.base/java.util.stream.AbstractPipeline.copyInto(AbstractPipeline.java:488)
at java.base/java.util.stream.AbstractPipeline.wrapAndCopyInto(AbstractPipeline.java:474)
at java.base/java.util.stream.FindOps$FindOp.evaluateSequential(FindOps.java:150)
at java.base/java.util.stream.AbstractPipeline.evaluate(AbstractPipeline.java:234)
at java.base/java.util.stream.ReferencePipeline.findFirst(ReferencePipeline.java:543)
at org.openqa.selenium.remote.ProtocolHandshake.createSession(ProtocolHandshake.java:128)
at org.openqa.selenium.remote.ProtocolHandshake.createSession(ProtocolHandshake.java:74)
at org.openqa.selenium.remote.HttpCommandExecutor.execute(HttpCommandExecutor.java:136)
at org.openqa.selenium.remote.service.DriverCommandExecutor.execute(DriverCommandExecutor.java:83)
at org.openqa.selenium.remote.RemoteWebDriver.execute(RemoteWebDriver.java:552)
at org.openqa.selenium.remote.RemoteWebDriver.startSession(RemoteWebDriver.java:213)
at org.openqa.selenium.remote.RemoteWebDriver.<init>(RemoteWebDriver.java:131)
at org.openqa.selenium.chrome.ChromeDriver.<init>(ChromeDriver.java:181)
at org.openqa.selenium.chrome.ChromeDriver.<init>(ChromeDriver.java:168)
at org.openqa.selenium.chrome.ChromeDriver.<init>(ChromeDriver.java:123)
at com.atmecs.testBase.TestBase.intitailizeBrowser(TestBase.java:52)
... Removed 33 stack frames]]>
    </failure>
  </testcase> <!-- @BeforeTest intitailizeBrowser -->
  <testcase classname="com.atmecs.extentReports.ExtentReport" name="@AfterMethod tearDown" time="0.0">
    <skipped/>
  </testcase> <!-- @AfterMethod tearDown -->
  <testcase classname="com.atmecs.extentReports.ExtentReport" name="@AfterMethod tearDown" time="0.0">
    <skipped/>
  </testcase> <!-- @AfterMethod tearDown -->
  <testcase classname="com.atmecs.extentReports.ExtentReport" name="@AfterTest print" time="0.0">
    <skipped/>
  </testcase> <!-- @AfterTest print -->
  <testcase classname="com.atmecs.constants.MultipleElements" name="getElements" time="0.0">
    <skipped/>
  </testcase> <!-- getElements -->
  <testcase classname="com.atmecs.testScripts.HomePagetestscripts" name="homePageRedirection" time="0.0">
    <skipped/>
  </testcase> <!-- homePageRedirection -->
  <testcase classname="com.atmecs.dataProvider.TestDataProvider" name="validatefooter" time="0.0"/>
  <testcase classname="com.atmecs.dataProvider.TestDataProvider" name="validatefooter" time="0.0"/>
  <testcase classname="com.atmecs.dataProvider.TestDataProvider" name="validatefooter" time="0.015"/>
  <testcase classname="com.atmecs.dataProvider.TestDataProvider" name="validatefooter" time="0.0"/>
  <testcase classname="com.atmecs.dataProvider.TestDataProvider" name="validatefooter" time="0.0"/>
  <testcase classname="com.atmecs.dataProvider.TestDataProvider" name="validatefooter" time="0.0"/>
  <testcase classname="com.atmecs.dataProvider.TestDataProvider" name="validatefooter" time="0.0"/>
  <testcase classname="com.atmecs.dataProvider.TestDataProvider" name="validatefooter" time="0.0"/>
  <testcase classname="com.atmecs.dataProvider.TestDataProvider" name="validatefooter" time="0.016"/>
  <testcase classname="com.atmecs.dataProvider.TestDataProvider" name="validatefooter" time="0.0"/>
  <testcase classname="com.atmecs.dataProvider.TestDataProvider" name="validatefooter" time="0.0"/>
  <testcase classname="com.atmecs.dataProvider.TestDataProvider" name="validatefooter" time="0.0"/>
  <testcase classname="com.atmecs.dataProvider.TestDataProvider" name="validatefooter" time="0.0"/>
  <testcase classname="com.atmecs.dataProvider.TestDataProvider" name="validatefooter" time="0.0"/>
  <testcase classname="com.atmecs.dataProvider.TestDataProvider" name="validatefooter" time="0.015"/>
  <testcase classname="com.atmecs.extentReports.ExtentReport" name="@AfterTest print" time="0.0">
    <ignored/>
  </testcase> <!-- @AfterTest print -->
  <testcase classname="com.atmecs.extentReports.ExtentReport" name="@AfterTest print" time="0.0">
    <ignored/>
  </testcase> <!-- @AfterTest print -->
  <testcase classname="com.atmecs.extentReports.ExtentReport" name="@AfterTest print" time="0.0">
    <ignored/>
  </testcase> <!-- @AfterTest print -->
  <testcase classname="com.atmecs.extentReports.ExtentReport" name="@AfterTest print" time="0.0">
    <ignored/>
  </testcase> <!-- @AfterTest print -->
  <testcase classname="com.atmecs.testBase.TestBase" name="@BeforeTest intitailizeBrowser" time="0.0">
    <ignored/>
  </testcase> <!-- @BeforeTest intitailizeBrowser -->
  <testcase classname="com.atmecs.testBase.TestBase" name="@BeforeTest intitailizeBrowser" time="0.0">
    <ignored/>
  </testcase> <!-- @BeforeTest intitailizeBrowser -->
  <testcase classname="com.atmecs.testBase.TestBase" name="@BeforeTest intitailizeBrowser" time="0.0">
    <ignored/>
  </testcase> <!-- @BeforeTest intitailizeBrowser -->
  <testcase classname="com.atmecs.extentReports.ExtentReport" name="@AfterSuite endReport" time="0.0">
    <ignored/>
  </testcase> <!-- @AfterSuite endReport -->
  <testcase classname="com.atmecs.extentReports.ExtentReport" name="@AfterSuite endReport" time="0.0">
    <ignored/>
  </testcase> <!-- @AfterSuite endReport -->
  <testcase classname="com.atmecs.extentReports.ExtentReport" name="@AfterSuite endReport" time="0.0">
    <ignored/>
  </testcase> <!-- @AfterSuite endReport -->
  <testcase classname="com.atmecs.extentReports.ExtentReport" name="@AfterSuite endReport" time="0.0">
    <ignored/>
  </testcase> <!-- @AfterSuite endReport -->
  <testcase classname="com.atmecs.extentReports.ExtentReport" name="@BeforeSuite startReport" time="0.0">
    <ignored/>
  </testcase> <!-- @BeforeSuite startReport -->
  <testcase classname="com.atmecs.extentReports.ExtentReport" name="@BeforeSuite startReport" time="0.0">
    <ignored/>
  </testcase> <!-- @BeforeSuite startReport -->
  <testcase classname="com.atmecs.extentReports.ExtentReport" name="@BeforeSuite startReport" time="0.0">
    <ignored/>
  </testcase> <!-- @BeforeSuite startReport -->
  <testcase classname="com.atmecs.extentReports.ExtentReport" name="@BeforeSuite startReport" time="0.0">
    <ignored/>
  </testcase> <!-- @BeforeSuite startReport -->
</testsuite> <!-- Test -->
