<?xml version="1.0" encoding="UTF-8"?>
<testsuite xmlns:xsi="http://www.w3.org/2001/XMLSchema-instance" xsi:noNamespaceSchemaLocation="https://maven.apache.org/surefire/maven-surefire-plugin/xsd/surefire-test-report-3.0.xsd" version="3.0" name="TestSuite" time="9.583" tests="271" errors="0" skipped="268" failures="3">
  <properties>
    <property name="sun.desktop" value="windows"/>
    <property name="awt.toolkit" value="sun.awt.windows.WToolkit"/>
    <property name="java.specification.version" value="12"/>
    <property name="sun.cpu.isalist" value="amd64"/>
    <property name="sun.jnu.encoding" value="Cp1252"/>
    <property name="java.class.path" value="C:\Users\saurabh.chauhan\eclipse-workspace\AtmecsAutomation\target\test-classes;C:\Users\saurabh.chauhan\eclipse-workspace\AtmecsAutomation\target\classes;C:\Users\saurabh.chauhan\.m2\repository\log4j\log4j\1.2.17\log4j-1.2.17.jar;C:\Users\saurabh.chauhan\.m2\repository\org\seleniumhq\selenium\selenium-java\3.141.59\selenium-java-3.141.59.jar;C:\Users\saurabh.chauhan\.m2\repository\org\seleniumhq\selenium\selenium-api\3.141.59\selenium-api-3.141.59.jar;C:\Users\saurabh.chauhan\.m2\repository\org\seleniumhq\selenium\selenium-chrome-driver\3.141.59\selenium-chrome-driver-3.141.59.jar;C:\Users\saurabh.chauhan\.m2\repository\org\seleniumhq\selenium\selenium-edge-driver\3.141.59\selenium-edge-driver-3.141.59.jar;C:\Users\saurabh.chauhan\.m2\repository\org\seleniumhq\selenium\selenium-firefox-driver\3.141.59\selenium-firefox-driver-3.141.59.jar;C:\Users\saurabh.chauhan\.m2\repository\org\seleniumhq\selenium\selenium-ie-driver\3.141.59\selenium-ie-driver-3.141.59.jar;C:\Users\saurabh.chauhan\.m2\repository\org\seleniumhq\selenium\selenium-opera-driver\3.141.59\selenium-opera-driver-3.141.59.jar;C:\Users\saurabh.chauhan\.m2\repository\org\seleniumhq\selenium\selenium-safari-driver\3.141.59\selenium-safari-driver-3.141.59.jar;C:\Users\saurabh.chauhan\.m2\repository\org\seleniumhq\selenium\selenium-support\3.141.59\selenium-support-3.141.59.jar;C:\Users\saurabh.chauhan\.m2\repository\net\bytebuddy\byte-buddy\1.8.15\byte-buddy-1.8.15.jar;C:\Users\saurabh.chauhan\.m2\repository\org\apache\commons\commons-exec\1.3\commons-exec-1.3.jar;C:\Users\saurabh.chauhan\.m2\repository\com\google\guava\guava\25.0-jre\guava-25.0-jre.jar;C:\Users\saurabh.chauhan\.m2\repository\com\google\code\findbugs\jsr305\1.3.9\jsr305-1.3.9.jar;C:\Users\saurabh.chauhan\.m2\repository\org\checkerframework\checker-compat-qual\2.0.0\checker-compat-qual-2.0.0.jar;C:\Users\saurabh.chauhan\.m2\repository\com\google\errorprone\error_prone_annotations\2.1.3\error_prone_annotations-2.1.3.jar;C:\Users\saurabh.chauhan\.m2\repository\com\google\j2objc\j2objc-annotations\1.1\j2objc-annotations-1.1.jar;C:\Users\saurabh.chauhan\.m2\repository\org\codehaus\mojo\animal-sniffer-annotations\1.14\animal-sniffer-annotations-1.14.jar;C:\Users\saurabh.chauhan\.m2\repository\com\squareup\okhttp3\okhttp\3.11.0\okhttp-3.11.0.jar;C:\Users\saurabh.chauhan\.m2\repository\com\squareup\okio\okio\1.14.0\okio-1.14.0.jar;C:\Users\saurabh.chauhan\.m2\repository\org\testng\testng\6.14.3\testng-6.14.3.jar;C:\Users\saurabh.chauhan\.m2\repository\com\beust\jcommander\1.72\jcommander-1.72.jar;C:\Users\saurabh.chauhan\.m2\repository\org\apache-extras\beanshell\bsh\2.0b6\bsh-2.0b6.jar;C:\Users\saurabh.chauhan\.m2\repository\org\apache\poi\poi-ooxml\4.1.0\poi-ooxml-4.1.0.jar;C:\Users\saurabh.chauhan\.m2\repository\org\apache\poi\poi\4.1.0\poi-4.1.0.jar;C:\Users\saurabh.chauhan\.m2\repository\commons-codec\commons-codec\1.12\commons-codec-1.12.jar;C:\Users\saurabh.chauhan\.m2\repository\org\apache\commons\commons-collections4\4.3\commons-collections4-4.3.jar;C:\Users\saurabh.chauhan\.m2\repository\org\apache\commons\commons-math3\3.6.1\commons-math3-3.6.1.jar;C:\Users\saurabh.chauhan\.m2\repository\org\apache\poi\poi-ooxml-schemas\4.1.0\poi-ooxml-schemas-4.1.0.jar;C:\Users\saurabh.chauhan\.m2\repository\org\apache\xmlbeans\xmlbeans\3.1.0\xmlbeans-3.1.0.jar;C:\Users\saurabh.chauhan\.m2\repository\org\apache\commons\commons-compress\1.18\commons-compress-1.18.jar;C:\Users\saurabh.chauhan\.m2\repository\com\github\virtuald\curvesapi\1.06\curvesapi-1.06.jar;C:\Users\saurabh.chauhan\.m2\repository\com\relevantcodes\extentreports\2.41.2\extentreports-2.41.2.jar;C:\Users\saurabh.chauhan\.m2\repository\org\jsoup\jsoup\1.8.3\jsoup-1.8.3.jar;C:\Users\saurabh.chauhan\.m2\repository\org\xerial\sqlite-jdbc\3.8.11.1\sqlite-jdbc-3.8.11.1.jar;C:\Users\saurabh.chauhan\.m2\repository\org\freemarker\freemarker\2.3.23\freemarker-2.3.23.jar;C:\Users\saurabh.chauhan\.m2\repository\org\mongodb\mongodb-driver\3.0.4\mongodb-driver-3.0.4.jar;C:\Users\saurabh.chauhan\.m2\repository\org\mongodb\mongodb-driver-core\3.0.4\mongodb-driver-core-3.0.4.jar;C:\Users\saurabh.chauhan\.m2\repository\com\aventstack\extentreports\4.0.6\extentreports-4.0.6.jar;C:\Users\saurabh.chauhan\.m2\repository\org\mongodb\bson\3.3.0\bson-3.3.0.jar;C:\Users\saurabh.chauhan\.m2\repository\org\apache\httpcomponents\httpclient\4.5.2\httpclient-4.5.2.jar;C:\Users\saurabh.chauhan\.m2\repository\org\apache\httpcomponents\httpcore\4.4.4\httpcore-4.4.4.jar;C:\Users\saurabh.chauhan\.m2\repository\commons-logging\commons-logging\1.2\commons-logging-1.2.jar;C:\Users\saurabh.chauhan\.m2\repository\org\apache\httpcomponents\httpmime\4.5.2\httpmime-4.5.2.jar;C:\Users\saurabh.chauhan\.m2\repository\com\google\code\gson\gson\2.8.5\gson-2.8.5.jar;C:\Users\saurabh.chauhan\.m2\repository\commons-io\commons-io\2.4\commons-io-2.4.jar;C:\Users\saurabh.chauhan\.m2\repository\org\seleniumhq\selenium\selenium-remote-driver\3.141.59\selenium-remote-driver-3.141.59.jar;"/>
    <property name="java.vm.vendor" value="Oracle Corporation"/>
    <property name="sun.arch.data.model" value="64"/>
    <property name="user.variant" value=""/>
    <property name="java.vendor.url" value="https://java.oracle.com/"/>
    <property name="user.timezone" value="Asia/Calcutta"/>
    <property name="os.name" value="Windows 10"/>
    <property name="java.vm.specification.version" value="12"/>
    <property name="sun.java.launcher" value="SUN_STANDARD"/>
    <property name="user.country" value="US"/>
    <property name="sun.boot.library.path" value="C:\Program Files\Java\jdk-12.0.1\bin"/>
    <property name="sun.java.command" value="C:\Users\saurabh.chauhan\AppData\Local\Temp\surefire9790178659807655346\surefirebooter1499672014182025316.jar C:\Users\saurabh.chauhan\AppData\Local\Temp\surefire9790178659807655346 2019-09-30T17-28-56_375-jvmRun1 surefire14570990820119384313tmp surefire_015355162098949844460tmp"/>
    <property name="jdk.debug" value="release"/>
    <property name="surefire.test.class.path" value="C:\Users\saurabh.chauhan\eclipse-workspace\AtmecsAutomation\target\test-classes;C:\Users\saurabh.chauhan\eclipse-workspace\AtmecsAutomation\target\classes;C:\Users\saurabh.chauhan\.m2\repository\log4j\log4j\1.2.17\log4j-1.2.17.jar;C:\Users\saurabh.chauhan\.m2\repository\org\seleniumhq\selenium\selenium-java\3.141.59\selenium-java-3.141.59.jar;C:\Users\saurabh.chauhan\.m2\repository\org\seleniumhq\selenium\selenium-api\3.141.59\selenium-api-3.141.59.jar;C:\Users\saurabh.chauhan\.m2\repository\org\seleniumhq\selenium\selenium-chrome-driver\3.141.59\selenium-chrome-driver-3.141.59.jar;C:\Users\saurabh.chauhan\.m2\repository\org\seleniumhq\selenium\selenium-edge-driver\3.141.59\selenium-edge-driver-3.141.59.jar;C:\Users\saurabh.chauhan\.m2\repository\org\seleniumhq\selenium\selenium-firefox-driver\3.141.59\selenium-firefox-driver-3.141.59.jar;C:\Users\saurabh.chauhan\.m2\repository\org\seleniumhq\selenium\selenium-ie-driver\3.141.59\selenium-ie-driver-3.141.59.jar;C:\Users\saurabh.chauhan\.m2\repository\org\seleniumhq\selenium\selenium-opera-driver\3.141.59\selenium-opera-driver-3.141.59.jar;C:\Users\saurabh.chauhan\.m2\repository\org\seleniumhq\selenium\selenium-safari-driver\3.141.59\selenium-safari-driver-3.141.59.jar;C:\Users\saurabh.chauhan\.m2\repository\org\seleniumhq\selenium\selenium-support\3.141.59\selenium-support-3.141.59.jar;C:\Users\saurabh.chauhan\.m2\repository\net\bytebuddy\byte-buddy\1.8.15\byte-buddy-1.8.15.jar;C:\Users\saurabh.chauhan\.m2\repository\org\apache\commons\commons-exec\1.3\commons-exec-1.3.jar;C:\Users\saurabh.chauhan\.m2\repository\com\google\guava\guava\25.0-jre\guava-25.0-jre.jar;C:\Users\saurabh.chauhan\.m2\repository\com\google\code\findbugs\jsr305\1.3.9\jsr305-1.3.9.jar;C:\Users\saurabh.chauhan\.m2\repository\org\checkerframework\checker-compat-qual\2.0.0\checker-compat-qual-2.0.0.jar;C:\Users\saurabh.chauhan\.m2\repository\com\google\errorprone\error_prone_annotations\2.1.3\error_prone_annotations-2.1.3.jar;C:\Users\saurabh.chauhan\.m2\repository\com\google\j2objc\j2objc-annotations\1.1\j2objc-annotations-1.1.jar;C:\Users\saurabh.chauhan\.m2\repository\org\codehaus\mojo\animal-sniffer-annotations\1.14\animal-sniffer-annotations-1.14.jar;C:\Users\saurabh.chauhan\.m2\repository\com\squareup\okhttp3\okhttp\3.11.0\okhttp-3.11.0.jar;C:\Users\saurabh.chauhan\.m2\repository\com\squareup\okio\okio\1.14.0\okio-1.14.0.jar;C:\Users\saurabh.chauhan\.m2\repository\org\testng\testng\6.14.3\testng-6.14.3.jar;C:\Users\saurabh.chauhan\.m2\repository\com\beust\jcommander\1.72\jcommander-1.72.jar;C:\Users\saurabh.chauhan\.m2\repository\org\apache-extras\beanshell\bsh\2.0b6\bsh-2.0b6.jar;C:\Users\saurabh.chauhan\.m2\repository\org\apache\poi\poi-ooxml\4.1.0\poi-ooxml-4.1.0.jar;C:\Users\saurabh.chauhan\.m2\repository\org\apache\poi\poi\4.1.0\poi-4.1.0.jar;C:\Users\saurabh.chauhan\.m2\repository\commons-codec\commons-codec\1.12\commons-codec-1.12.jar;C:\Users\saurabh.chauhan\.m2\repository\org\apache\commons\commons-collections4\4.3\commons-collections4-4.3.jar;C:\Users\saurabh.chauhan\.m2\repository\org\apache\commons\commons-math3\3.6.1\commons-math3-3.6.1.jar;C:\Users\saurabh.chauhan\.m2\repository\org\apache\poi\poi-ooxml-schemas\4.1.0\poi-ooxml-schemas-4.1.0.jar;C:\Users\saurabh.chauhan\.m2\repository\org\apache\xmlbeans\xmlbeans\3.1.0\xmlbeans-3.1.0.jar;C:\Users\saurabh.chauhan\.m2\repository\org\apache\commons\commons-compress\1.18\commons-compress-1.18.jar;C:\Users\saurabh.chauhan\.m2\repository\com\github\virtuald\curvesapi\1.06\curvesapi-1.06.jar;C:\Users\saurabh.chauhan\.m2\repository\com\relevantcodes\extentreports\2.41.2\extentreports-2.41.2.jar;C:\Users\saurabh.chauhan\.m2\repository\org\jsoup\jsoup\1.8.3\jsoup-1.8.3.jar;C:\Users\saurabh.chauhan\.m2\repository\org\xerial\sqlite-jdbc\3.8.11.1\sqlite-jdbc-3.8.11.1.jar;C:\Users\saurabh.chauhan\.m2\repository\org\freemarker\freemarker\2.3.23\freemarker-2.3.23.jar;C:\Users\saurabh.chauhan\.m2\repository\org\mongodb\mongodb-driver\3.0.4\mongodb-driver-3.0.4.jar;C:\Users\saurabh.chauhan\.m2\repository\org\mongodb\mongodb-driver-core\3.0.4\mongodb-driver-core-3.0.4.jar;C:\Users\saurabh.chauhan\.m2\repository\com\aventstack\extentreports\4.0.6\extentreports-4.0.6.jar;C:\Users\saurabh.chauhan\.m2\repository\org\mongodb\bson\3.3.0\bson-3.3.0.jar;C:\Users\saurabh.chauhan\.m2\repository\org\apache\httpcomponents\httpclient\4.5.2\httpclient-4.5.2.jar;C:\Users\saurabh.chauhan\.m2\repository\org\apache\httpcomponents\httpcore\4.4.4\httpcore-4.4.4.jar;C:\Users\saurabh.chauhan\.m2\repository\commons-logging\commons-logging\1.2\commons-logging-1.2.jar;C:\Users\saurabh.chauhan\.m2\repository\org\apache\httpcomponents\httpmime\4.5.2\httpmime-4.5.2.jar;C:\Users\saurabh.chauhan\.m2\repository\com\google\code\gson\gson\2.8.5\gson-2.8.5.jar;C:\Users\saurabh.chauhan\.m2\repository\commons-io\commons-io\2.4\commons-io-2.4.jar;C:\Users\saurabh.chauhan\.m2\repository\org\seleniumhq\selenium\selenium-remote-driver\3.141.59\selenium-remote-driver-3.141.59.jar;"/>
    <property name="sun.cpu.endian" value="little"/>
    <property name="user.home" value="C:\Users\saurabh.chauhan"/>
    <property name="user.language" value="en"/>
    <property name="java.specification.vendor" value="Oracle Corporation"/>
    <property name="java.version.date" value="2019-04-16"/>
    <property name="java.home" value="C:\Program Files\Java\jdk-12.0.1"/>
    <property name="file.separator" value="\"/>
    <property name="basedir" value="C:\Users\saurabh.chauhan\eclipse-workspace\AtmecsAutomation"/>
    <property name="java.vm.compressedOopsMode" value="32-bit"/>
    <property name="line.separator" value="&#10;"/>
    <property name="java.vm.specification.vendor" value="Oracle Corporation"/>
    <property name="java.specification.name" value="Java Platform API Specification"/>
    <property name="java.awt.graphicsenv" value="sun.awt.Win32GraphicsEnvironment"/>
    <property name="surefire.real.class.path" value="C:\Users\saurabh.chauhan\AppData\Local\Temp\surefire9790178659807655346\surefirebooter1499672014182025316.jar"/>
    <property name="user.script" value=""/>
    <property name="sun.management.compiler" value="HotSpot 64-Bit Tiered Compilers"/>
    <property name="java.runtime.version" value="12.0.1+12"/>
    <property name="user.name" value="saurabh.chauhan"/>
    <property name="path.separator" value=";"/>
    <property name="os.version" value="10.0"/>
    <property name="java.runtime.name" value="Java(TM) SE Runtime Environment"/>
    <property name="file.encoding" value="Cp1252"/>
    <property name="java.vm.name" value="Java HotSpot(TM) 64-Bit Server VM"/>
    <property name="localRepository" value="C:\Users\saurabh.chauhan\.m2\repository"/>
    <property name="java.vendor.url.bug" value="https://bugreport.java.com/bugreport/"/>
    <property name="java.io.tmpdir" value="C:\Users\SAURAB~1.CHA\AppData\Local\Temp\"/>
    <property name="java.version" value="12.0.1"/>
    <property name="user.dir" value="C:\Users\saurabh.chauhan\eclipse-workspace\AtmecsAutomation"/>
    <property name="os.arch" value="amd64"/>
    <property name="java.vm.specification.name" value="Java Virtual Machine Specification"/>
    <property name="sun.os.patch.level" value=""/>
    <property name="java.library.path" value="C:\Program Files\Java\jdk-12.0.1\bin;C:\Windows\Sun\Java\bin;C:\Windows\system32;C:\Windows;C:/Program Files/Java/jdk-12.0.1/bin/server;C:/Program Files/Java/jdk-12.0.1/bin;C:\Windows\system32;C:\Windows;C:\Windows\System32\Wbem;C:\Windows\System32\WindowsPowerShell\v1.0\;C:\Windows\System32\OpenSSH\;C:\Program Files\Git\cmd;C:\Program Files\Microsoft SQL Server\Client SDK\ODBC\130\Tools\Binn\;C:\Program Files (x86)\Microsoft SQL Server\140\Tools\Binn\;C:\Program Files\Microsoft SQL Server\140\Tools\Binn\;C:\Program Files\Microsoft SQL Server\140\DTS\Binn\;C:\Program Files (x86)\Microsoft SQL Server\150\DTS\Binn\;C:\Program Files\Java\jdk-12.0.1\bin;C:\apache-maven-3.6.1\bin;C:\Program Files\MySQL\MySQL Shell 8.0\bin\;C:\Users\saurabh.chauhan\Desktop;;."/>
    <property name="java.vm.info" value="mixed mode, sharing"/>
    <property name="java.vendor" value="Oracle Corporation"/>
    <property name="java.vm.version" value="12.0.1+12"/>
    <property name="sun.io.unicode.encoding" value="UnicodeLittle"/>
    <property name="java.class.version" value="56.0"/>
  </properties>
  <testcase name="intitailizeBrowser" classname="com.atmecs.testScripts.HomePagetestscripts" time="3.82">
    <failure message="Unable to find a matching set of capabilities&#10;Build info: version: &apos;3.141.59&apos;, revision: &apos;e82be7d358&apos;, time: &apos;2018-11-14T08:25:53&apos;&#10;System info: host: &apos;ATMECSINLT-038&apos;, ip: &apos;55.55.52.193&apos;, os.name: &apos;Windows 10&apos;, os.arch: &apos;amd64&apos;, os.version: &apos;10.0&apos;, java.version: &apos;12.0.1&apos;&#10;Driver info: driver.version: unknown&#10;remote stacktrace: &#10;Command duration or timeout: 1.18 seconds" type="org.openqa.selenium.SessionNotCreatedException">org.openqa.selenium.SessionNotCreatedException: 
Unable to find a matching set of capabilities
Build info: version: '3.141.59', revision: 'e82be7d358', time: '2018-11-14T08:25:53'
System info: host: 'ATMECSINLT-038', ip: '55.55.52.193', os.name: 'Windows 10', os.arch: 'amd64', os.version: '10.0', java.version: '12.0.1'
Driver info: driver.version: unknown
remote stacktrace: 
Command duration or timeout: 1.18 seconds
Caused by: org.openqa.selenium.SessionNotCreatedException: 
Unable to find a matching set of capabilities
Build info: version: '3.141.59', revision: 'e82be7d358', time: '2018-11-14T08:25:53'
System info: host: 'ATMECSINLT-038', ip: '55.55.52.193', os.name: 'Windows 10', os.arch: 'amd64', os.version: '10.0', java.version: '12.0.1'
Driver info: driver.version: unknown
remote stacktrace: 
Build info: version: '3.141.59', revision: 'e82be7d358', time: '2018-11-14T08:17:03'
System info: host: 'ATMECSINLT-038', ip: '55.55.52.193', os.name: 'Windows 10', os.arch: 'amd64', os.version: '10.0', java.version: '12.0.1'
Driver info: driver.version: unknown
</failure>
    <system-out><![CDATA[Grid connection
]]></system-out>
  </testcase>
  <testcase name="homePageRedirection" classname="com.atmecs.testScripts.HomePagetestscripts" time="0">
    <skipped message="Unable to find a matching set of capabilities&#10;Build info: version: &apos;3.141.59&apos;, revision: &apos;e82be7d358&apos;, time: &apos;2018-11-14T08:25:53&apos;&#10;System info: host: &apos;ATMECSINLT-038&apos;, ip: &apos;55.55.52.193&apos;, os.name: &apos;Windows 10&apos;, os.arch: &apos;amd64&apos;, os.version: &apos;10.0&apos;, java.version: &apos;12.0.1&apos;&#10;Driver info: driver.version: unknown&#10;remote stacktrace: &#10;Command duration or timeout: 1.18 seconds"/>
  </testcase>
  <testcase name="tearDown" classname="com.atmecs.testScripts.HomePagetestscripts" time="0">
    <skipped/>
  </testcase>
  <testcase name="tearDown" classname="com.atmecs.testScripts.HomePagetestscripts" time="0">
    <skipped/>
  </testcase>
  <testcase name="tearDown" classname="com.atmecs.testScripts.HomePagetestscripts" time="0">
    <skipped/>
  </testcase>
  <testcase name="tearDown" classname="com.atmecs.testScripts.HomePagetestscripts" time="0">
    <skipped/>
  </testcase>
  <testcase name="tearDown" classname="com.atmecs.testScripts.HomePagetestscripts" time="0">
    <skipped/>
  </testcase>
  <testcase name="tearDown" classname="com.atmecs.testScripts.HomePagetestscripts" time="0">
    <skipped/>
  </testcase>
  <testcase name="tearDown" classname="com.atmecs.testScripts.HomePagetestscripts" time="0">
    <skipped/>
  </testcase>
  <testcase name="tearDown" classname="com.atmecs.testScripts.HomePagetestscripts" time="0">
    <skipped/>
  </testcase>
  <testcase name="tearDown" classname="com.atmecs.testScripts.HomePagetestscripts" time="0">
    <skipped/>
  </testcase>
  <testcase name="tearDown" classname="com.atmecs.testScripts.HomePagetestscripts" time="0">
    <skipped/>
  </testcase>
  <testcase name="tearDown" classname="com.atmecs.testScripts.HomePagetestscripts" time="0">
    <skipped/>
  </testcase>
  <testcase name="tearDown" classname="com.atmecs.testScripts.HomePagetestscripts" time="0">
    <skipped/>
  </testcase>
  <testcase name="tearDown" classname="com.atmecs.testScripts.HomePagetestscripts" time="0">
    <skipped/>
  </testcase>
  <testcase name="tearDown" classname="com.atmecs.testScripts.HomePagetestscripts" time="0">
    <skipped/>
  </testcase>
  <testcase name="tearDown" classname="com.atmecs.testScripts.HomePagetestscripts" time="0">
    <skipped/>
  </testcase>
  <testcase name="tearDown" classname="com.atmecs.testScripts.HomePagetestscripts" time="0">
    <skipped/>
  </testcase>
  <testcase name="tearDown" classname="com.atmecs.testScripts.HomePagetestscripts" time="0">
    <skipped/>
  </testcase>
  <testcase name="tearDown" classname="com.atmecs.testScripts.HomePagetestscripts" time="0">
    <skipped/>
  </testcase>
  <testcase name="tearDown" classname="com.atmecs.testScripts.HomePagetestscripts" time="0">
    <skipped/>
  </testcase>
  <testcase name="tearDown" classname="com.atmecs.testScripts.HomePagetestscripts" time="0">
    <skipped/>
  </testcase>
  <testcase name="tearDown" classname="com.atmecs.testScripts.HomePagetestscripts" time="0">
    <skipped/>
  </testcase>
  <testcase name="tearDown" classname="com.atmecs.testScripts.HomePagetestscripts" time="0">
    <skipped/>
  </testcase>
  <testcase name="tearDown" classname="com.atmecs.testScripts.HomePagetestscripts" time="0">
    <skipped/>
  </testcase>
  <testcase name="tearDown" classname="com.atmecs.testScripts.HomePagetestscripts" time="0">
    <skipped/>
  </testcase>
  <testcase name="tearDown" classname="com.atmecs.testScripts.HomePagetestscripts" time="0">
    <skipped/>
  </testcase>
  <testcase name="tearDown" classname="com.atmecs.testScripts.HomePagetestscripts" time="0">
    <skipped/>
  </testcase>
  <testcase name="tearDown" classname="com.atmecs.testScripts.HomePagetestscripts" time="0">
    <skipped/>
  </testcase>
  <testcase name="tearDown" classname="com.atmecs.testScripts.HomePagetestscripts" time="0">
    <skipped/>
  </testcase>
  <testcase name="tearDown" classname="com.atmecs.testScripts.HomePagetestscripts" time="0">
    <skipped/>
  </testcase>
  <testcase name="tearDown" classname="com.atmecs.testScripts.HomePagetestscripts" time="0">
    <skipped/>
  </testcase>
  <testcase name="tearDown" classname="com.atmecs.testScripts.HomePagetestscripts" time="0">
    <skipped/>
  </testcase>
  <testcase name="tearDown" classname="com.atmecs.testScripts.HomePagetestscripts" time="0">
    <skipped/>
  </testcase>
  <testcase name="tearDown" classname="com.atmecs.testScripts.HomePagetestscripts" time="0">
    <skipped/>
  </testcase>
  <testcase name="tearDown" classname="com.atmecs.testScripts.HomePagetestscripts" time="0">
    <skipped/>
  </testcase>
  <testcase name="tearDown" classname="com.atmecs.testScripts.HomePagetestscripts" time="0">
    <skipped/>
  </testcase>
  <testcase name="tearDown" classname="com.atmecs.testScripts.HomePagetestscripts" time="0">
    <skipped/>
  </testcase>
  <testcase name="tearDown" classname="com.atmecs.testScripts.HomePagetestscripts" time="0">
    <skipped/>
  </testcase>
  <testcase name="tearDown" classname="com.atmecs.testScripts.HomePagetestscripts" time="0">
    <skipped/>
  </testcase>
  <testcase name="tearDown" classname="com.atmecs.testScripts.HomePagetestscripts" time="0">
    <skipped/>
  </testcase>
  <testcase name="tearDown" classname="com.atmecs.testScripts.HomePagetestscripts" time="0">
    <skipped/>
  </testcase>
  <testcase name="tearDown" classname="com.atmecs.testScripts.HomePagetestscripts" time="0">
    <skipped/>
  </testcase>
  <testcase name="tearDown" classname="com.atmecs.testScripts.HomePagetestscripts" time="0">
    <skipped/>
  </testcase>
  <testcase name="tearDown" classname="com.atmecs.testScripts.HomePagetestscripts" time="0">
    <skipped/>
  </testcase>
  <testcase name="tearDown" classname="com.atmecs.testScripts.HomePagetestscripts" time="0">
    <skipped/>
  </testcase>
  <testcase name="tearDown" classname="com.atmecs.testScripts.HomePagetestscripts" time="0">
    <skipped/>
  </testcase>
  <testcase name="tearDown" classname="com.atmecs.testScripts.HomePagetestscripts" time="0">
    <skipped/>
  </testcase>
  <testcase name="tearDown" classname="com.atmecs.testScripts.HomePagetestscripts" time="0">
    <skipped/>
  </testcase>
  <testcase name="tearDown" classname="com.atmecs.testScripts.HomePagetestscripts" time="0">
    <skipped/>
  </testcase>
  <testcase name="tearDown" classname="com.atmecs.testScripts.HomePagetestscripts" time="0">
    <skipped/>
  </testcase>
  <testcase name="tearDown" classname="com.atmecs.testScripts.HomePagetestscripts" time="0">
    <skipped/>
  </testcase>
  <testcase name="tearDown" classname="com.atmecs.testScripts.HomePagetestscripts" time="0">
    <skipped/>
  </testcase>
  <testcase name="tearDown" classname="com.atmecs.testScripts.HomePagetestscripts" time="0">
    <skipped/>
  </testcase>
  <testcase name="tearDown" classname="com.atmecs.testScripts.HomePagetestscripts" time="0">
    <skipped/>
  </testcase>
  <testcase name="tearDown" classname="com.atmecs.testScripts.HomePagetestscripts" time="0">
    <skipped/>
  </testcase>
  <testcase name="tearDown" classname="com.atmecs.testScripts.HomePagetestscripts" time="0">
    <skipped/>
  </testcase>
  <testcase name="tearDown" classname="com.atmecs.testScripts.HomePagetestscripts" time="0">
    <skipped/>
  </testcase>
  <testcase name="tearDown" classname="com.atmecs.testScripts.HomePagetestscripts" time="0">
    <skipped/>
  </testcase>
  <testcase name="tearDown" classname="com.atmecs.testScripts.HomePagetestscripts" time="0">
    <skipped/>
  </testcase>
  <testcase name="tearDown" classname="com.atmecs.testScripts.HomePagetestscripts" time="0">
    <skipped/>
  </testcase>
  <testcase name="tearDown" classname="com.atmecs.testScripts.HomePagetestscripts" time="0">
    <skipped/>
  </testcase>
  <testcase name="tearDown" classname="com.atmecs.testScripts.HomePagetestscripts" time="0">
    <skipped/>
  </testcase>
  <testcase name="tearDown" classname="com.atmecs.testScripts.HomePagetestscripts" time="0">
    <skipped/>
  </testcase>
  <testcase name="tearDown" classname="com.atmecs.testScripts.HomePagetestscripts" time="0">
    <skipped/>
  </testcase>
  <testcase name="tearDown" classname="com.atmecs.testScripts.HomePagetestscripts" time="0">
    <skipped/>
  </testcase>
  <testcase name="tearDown" classname="com.atmecs.testScripts.HomePagetestscripts" time="0">
    <skipped/>
  </testcase>
  <testcase name="tearDown" classname="com.atmecs.testScripts.HomePagetestscripts" time="0">
    <skipped/>
  </testcase>
  <testcase name="tearDown" classname="com.atmecs.testScripts.HomePagetestscripts" time="0">
    <skipped/>
  </testcase>
  <testcase name="tearDown" classname="com.atmecs.testScripts.HomePagetestscripts" time="0">
    <skipped/>
  </testcase>
  <testcase name="tearDown" classname="com.atmecs.testScripts.HomePagetestscripts" time="0">
    <skipped/>
  </testcase>
  <testcase name="tearDown" classname="com.atmecs.testScripts.HomePagetestscripts" time="0">
    <skipped/>
  </testcase>
  <testcase name="tearDown" classname="com.atmecs.testScripts.HomePagetestscripts" time="0">
    <skipped/>
  </testcase>
  <testcase name="tearDown" classname="com.atmecs.testScripts.HomePagetestscripts" time="0">
    <skipped/>
  </testcase>
  <testcase name="tearDown" classname="com.atmecs.testScripts.HomePagetestscripts" time="0">
    <skipped/>
  </testcase>
  <testcase name="tearDown" classname="com.atmecs.testScripts.HomePagetestscripts" time="0">
    <skipped/>
  </testcase>
  <testcase name="tearDown" classname="com.atmecs.testScripts.HomePagetestscripts" time="0">
    <skipped/>
  </testcase>
  <testcase name="tearDown" classname="com.atmecs.testScripts.HomePagetestscripts" time="0">
    <skipped/>
  </testcase>
  <testcase name="tearDown" classname="com.atmecs.testScripts.HomePagetestscripts" time="0">
    <skipped/>
  </testcase>
  <testcase name="tearDown" classname="com.atmecs.testScripts.HomePagetestscripts" time="0">
    <skipped/>
  </testcase>
  <testcase name="tearDown" classname="com.atmecs.testScripts.HomePagetestscripts" time="0">
    <skipped/>
  </testcase>
  <testcase name="tearDown" classname="com.atmecs.testScripts.HomePagetestscripts" time="0">
    <skipped/>
  </testcase>
  <testcase name="tearDown" classname="com.atmecs.testScripts.HomePagetestscripts" time="0">
    <skipped/>
  </testcase>
  <testcase name="tearDown" classname="com.atmecs.testScripts.HomePagetestscripts" time="0">
    <skipped/>
  </testcase>
  <testcase name="tearDown" classname="com.atmecs.testScripts.HomePagetestscripts" time="0">
    <skipped/>
  </testcase>
  <testcase name="tearDown" classname="com.atmecs.testScripts.HomePagetestscripts" time="0">
    <skipped/>
  </testcase>
  <testcase name="tearDown" classname="com.atmecs.testScripts.HomePagetestscripts" time="0">
    <skipped/>
  </testcase>
  <testcase name="tearDown" classname="com.atmecs.testScripts.HomePagetestscripts" time="0">
    <skipped/>
  </testcase>
  <testcase name="tearDown" classname="com.atmecs.testScripts.HomePagetestscripts" time="0">
    <skipped/>
  </testcase>
  <testcase name="tearDown" classname="com.atmecs.testScripts.HomePagetestscripts" time="0">
    <skipped/>
  </testcase>
  <testcase name="tearDown" classname="com.atmecs.testScripts.HomePagetestscripts" time="0">
    <skipped/>
  </testcase>
  <testcase name="tearDown" classname="com.atmecs.testScripts.HomePagetestscripts" time="0">
    <skipped/>
  </testcase>
  <testcase name="tearDown" classname="com.atmecs.testScripts.HomePagetestscripts" time="0">
    <skipped/>
  </testcase>
  <testcase name="tearDown" classname="com.atmecs.testScripts.HomePagetestscripts" time="0">
    <skipped/>
  </testcase>
  <testcase name="tearDown" classname="com.atmecs.testScripts.HomePagetestscripts" time="0">
    <skipped/>
  </testcase>
  <testcase name="tearDown" classname="com.atmecs.testScripts.HomePagetestscripts" time="0">
    <skipped/>
  </testcase>
  <testcase name="tearDown" classname="com.atmecs.testScripts.HomePagetestscripts" time="0">
    <skipped/>
  </testcase>
  <testcase name="tearDown" classname="com.atmecs.testScripts.HomePagetestscripts" time="0">
    <skipped/>
  </testcase>
  <testcase name="tearDown" classname="com.atmecs.testScripts.HomePagetestscripts" time="0">
    <skipped/>
  </testcase>
  <testcase name="tearDown" classname="com.atmecs.testScripts.HomePagetestscripts" time="0">
    <skipped/>
  </testcase>
  <testcase name="tearDown" classname="com.atmecs.testScripts.HomePagetestscripts" time="0">
    <skipped/>
  </testcase>
  <testcase name="tearDown" classname="com.atmecs.testScripts.HomePagetestscripts" time="0">
    <skipped/>
  </testcase>
  <testcase name="tearDown" classname="com.atmecs.testScripts.HomePagetestscripts" time="0">
    <skipped/>
  </testcase>
  <testcase name="tearDown" classname="com.atmecs.testScripts.HomePagetestscripts" time="0">
    <skipped/>
  </testcase>
  <testcase name="tearDown" classname="com.atmecs.testScripts.HomePagetestscripts" time="0">
    <skipped/>
  </testcase>
  <testcase name="tearDown" classname="com.atmecs.testScripts.HomePagetestscripts" time="0">
    <skipped/>
  </testcase>
  <testcase name="tearDown" classname="com.atmecs.testScripts.HomePagetestscripts" time="0">
    <skipped/>
  </testcase>
  <testcase name="tearDown" classname="com.atmecs.testScripts.HomePagetestscripts" time="0">
    <skipped/>
  </testcase>
  <testcase name="tearDown" classname="com.atmecs.testScripts.HomePagetestscripts" time="0">
    <skipped/>
  </testcase>
  <testcase name="tearDown" classname="com.atmecs.testScripts.HomePagetestscripts" time="0">
    <skipped/>
  </testcase>
  <testcase name="tearDown" classname="com.atmecs.testScripts.HomePagetestscripts" time="0">
    <skipped/>
  </testcase>
  <testcase name="tearDown" classname="com.atmecs.testScripts.HomePagetestscripts" time="0">
    <skipped/>
  </testcase>
  <testcase name="tearDown" classname="com.atmecs.testScripts.HomePagetestscripts" time="0">
    <skipped/>
  </testcase>
  <testcase name="tearDown" classname="com.atmecs.testScripts.HomePagetestscripts" time="0">
    <skipped/>
  </testcase>
  <testcase name="tearDown" classname="com.atmecs.testScripts.HomePagetestscripts" time="0">
    <skipped/>
  </testcase>
  <testcase name="clickHeaderServices" classname="com.atmecs.testScripts.HomePagetestscripts" time="0">
    <skipped message="Unable to find a matching set of capabilities&#10;Build info: version: &apos;3.141.59&apos;, revision: &apos;e82be7d358&apos;, time: &apos;2018-11-14T08:25:53&apos;&#10;System info: host: &apos;ATMECSINLT-038&apos;, ip: &apos;55.55.52.193&apos;, os.name: &apos;Windows 10&apos;, os.arch: &apos;amd64&apos;, os.version: &apos;10.0&apos;, java.version: &apos;12.0.1&apos;&#10;Driver info: driver.version: unknown&#10;remote stacktrace: &#10;Command duration or timeout: 1.18 seconds"/>
  </testcase>
  <testcase name="validatefooterForServices" classname="com.atmecs.testScripts.HomePagetestscripts" time="0">
    <skipped message="Unable to find a matching set of capabilities&#10;Build info: version: &apos;3.141.59&apos;, revision: &apos;e82be7d358&apos;, time: &apos;2018-11-14T08:25:53&apos;&#10;System info: host: &apos;ATMECSINLT-038&apos;, ip: &apos;55.55.52.193&apos;, os.name: &apos;Windows 10&apos;, os.arch: &apos;amd64&apos;, os.version: &apos;10.0&apos;, java.version: &apos;12.0.1&apos;&#10;Driver info: driver.version: unknown&#10;remote stacktrace: &#10;Command duration or timeout: 1.18 seconds"/>
    <system-out><![CDATA[15
1
]]></system-out>
  </testcase>
  <testcase name="validatefooterForServices" classname="com.atmecs.testScripts.HomePagetestscripts" time="0">
    <skipped message="Unable to find a matching set of capabilities&#10;Build info: version: &apos;3.141.59&apos;, revision: &apos;e82be7d358&apos;, time: &apos;2018-11-14T08:25:53&apos;&#10;System info: host: &apos;ATMECSINLT-038&apos;, ip: &apos;55.55.52.193&apos;, os.name: &apos;Windows 10&apos;, os.arch: &apos;amd64&apos;, os.version: &apos;10.0&apos;, java.version: &apos;12.0.1&apos;&#10;Driver info: driver.version: unknown&#10;remote stacktrace: &#10;Command duration or timeout: 1.18 seconds"/>
  </testcase>
  <testcase name="validatefooterForServices" classname="com.atmecs.testScripts.HomePagetestscripts" time="0">
    <skipped message="Unable to find a matching set of capabilities&#10;Build info: version: &apos;3.141.59&apos;, revision: &apos;e82be7d358&apos;, time: &apos;2018-11-14T08:25:53&apos;&#10;System info: host: &apos;ATMECSINLT-038&apos;, ip: &apos;55.55.52.193&apos;, os.name: &apos;Windows 10&apos;, os.arch: &apos;amd64&apos;, os.version: &apos;10.0&apos;, java.version: &apos;12.0.1&apos;&#10;Driver info: driver.version: unknown&#10;remote stacktrace: &#10;Command duration or timeout: 1.18 seconds"/>
  </testcase>
  <testcase name="validatefooterForServices" classname="com.atmecs.testScripts.HomePagetestscripts" time="0">
    <skipped message="Unable to find a matching set of capabilities&#10;Build info: version: &apos;3.141.59&apos;, revision: &apos;e82be7d358&apos;, time: &apos;2018-11-14T08:25:53&apos;&#10;System info: host: &apos;ATMECSINLT-038&apos;, ip: &apos;55.55.52.193&apos;, os.name: &apos;Windows 10&apos;, os.arch: &apos;amd64&apos;, os.version: &apos;10.0&apos;, java.version: &apos;12.0.1&apos;&#10;Driver info: driver.version: unknown&#10;remote stacktrace: &#10;Command duration or timeout: 1.18 seconds"/>
  </testcase>
  <testcase name="validatefooterForServices" classname="com.atmecs.testScripts.HomePagetestscripts" time="0">
    <skipped message="Unable to find a matching set of capabilities&#10;Build info: version: &apos;3.141.59&apos;, revision: &apos;e82be7d358&apos;, time: &apos;2018-11-14T08:25:53&apos;&#10;System info: host: &apos;ATMECSINLT-038&apos;, ip: &apos;55.55.52.193&apos;, os.name: &apos;Windows 10&apos;, os.arch: &apos;amd64&apos;, os.version: &apos;10.0&apos;, java.version: &apos;12.0.1&apos;&#10;Driver info: driver.version: unknown&#10;remote stacktrace: &#10;Command duration or timeout: 1.18 seconds"/>
  </testcase>
  <testcase name="validatefooterForServices" classname="com.atmecs.testScripts.HomePagetestscripts" time="0">
    <skipped message="Unable to find a matching set of capabilities&#10;Build info: version: &apos;3.141.59&apos;, revision: &apos;e82be7d358&apos;, time: &apos;2018-11-14T08:25:53&apos;&#10;System info: host: &apos;ATMECSINLT-038&apos;, ip: &apos;55.55.52.193&apos;, os.name: &apos;Windows 10&apos;, os.arch: &apos;amd64&apos;, os.version: &apos;10.0&apos;, java.version: &apos;12.0.1&apos;&#10;Driver info: driver.version: unknown&#10;remote stacktrace: &#10;Command duration or timeout: 1.18 seconds"/>
  </testcase>
  <testcase name="validatefooterForServices" classname="com.atmecs.testScripts.HomePagetestscripts" time="0">
    <skipped message="Unable to find a matching set of capabilities&#10;Build info: version: &apos;3.141.59&apos;, revision: &apos;e82be7d358&apos;, time: &apos;2018-11-14T08:25:53&apos;&#10;System info: host: &apos;ATMECSINLT-038&apos;, ip: &apos;55.55.52.193&apos;, os.name: &apos;Windows 10&apos;, os.arch: &apos;amd64&apos;, os.version: &apos;10.0&apos;, java.version: &apos;12.0.1&apos;&#10;Driver info: driver.version: unknown&#10;remote stacktrace: &#10;Command duration or timeout: 1.18 seconds"/>
  </testcase>
  <testcase name="validatefooterForServices" classname="com.atmecs.testScripts.HomePagetestscripts" time="0">
    <skipped message="Unable to find a matching set of capabilities&#10;Build info: version: &apos;3.141.59&apos;, revision: &apos;e82be7d358&apos;, time: &apos;2018-11-14T08:25:53&apos;&#10;System info: host: &apos;ATMECSINLT-038&apos;, ip: &apos;55.55.52.193&apos;, os.name: &apos;Windows 10&apos;, os.arch: &apos;amd64&apos;, os.version: &apos;10.0&apos;, java.version: &apos;12.0.1&apos;&#10;Driver info: driver.version: unknown&#10;remote stacktrace: &#10;Command duration or timeout: 1.18 seconds"/>
  </testcase>
  <testcase name="validatefooterForServices" classname="com.atmecs.testScripts.HomePagetestscripts" time="0">
    <skipped message="Unable to find a matching set of capabilities&#10;Build info: version: &apos;3.141.59&apos;, revision: &apos;e82be7d358&apos;, time: &apos;2018-11-14T08:25:53&apos;&#10;System info: host: &apos;ATMECSINLT-038&apos;, ip: &apos;55.55.52.193&apos;, os.name: &apos;Windows 10&apos;, os.arch: &apos;amd64&apos;, os.version: &apos;10.0&apos;, java.version: &apos;12.0.1&apos;&#10;Driver info: driver.version: unknown&#10;remote stacktrace: &#10;Command duration or timeout: 1.18 seconds"/>
  </testcase>
  <testcase name="validatefooterForServices" classname="com.atmecs.testScripts.HomePagetestscripts" time="0">
    <skipped message="Unable to find a matching set of capabilities&#10;Build info: version: &apos;3.141.59&apos;, revision: &apos;e82be7d358&apos;, time: &apos;2018-11-14T08:25:53&apos;&#10;System info: host: &apos;ATMECSINLT-038&apos;, ip: &apos;55.55.52.193&apos;, os.name: &apos;Windows 10&apos;, os.arch: &apos;amd64&apos;, os.version: &apos;10.0&apos;, java.version: &apos;12.0.1&apos;&#10;Driver info: driver.version: unknown&#10;remote stacktrace: &#10;Command duration or timeout: 1.18 seconds"/>
  </testcase>
  <testcase name="validatefooterForServices" classname="com.atmecs.testScripts.HomePagetestscripts" time="0">
    <skipped message="Unable to find a matching set of capabilities&#10;Build info: version: &apos;3.141.59&apos;, revision: &apos;e82be7d358&apos;, time: &apos;2018-11-14T08:25:53&apos;&#10;System info: host: &apos;ATMECSINLT-038&apos;, ip: &apos;55.55.52.193&apos;, os.name: &apos;Windows 10&apos;, os.arch: &apos;amd64&apos;, os.version: &apos;10.0&apos;, java.version: &apos;12.0.1&apos;&#10;Driver info: driver.version: unknown&#10;remote stacktrace: &#10;Command duration or timeout: 1.18 seconds"/>
  </testcase>
  <testcase name="validatefooterForServices" classname="com.atmecs.testScripts.HomePagetestscripts" time="0">
    <skipped message="Unable to find a matching set of capabilities&#10;Build info: version: &apos;3.141.59&apos;, revision: &apos;e82be7d358&apos;, time: &apos;2018-11-14T08:25:53&apos;&#10;System info: host: &apos;ATMECSINLT-038&apos;, ip: &apos;55.55.52.193&apos;, os.name: &apos;Windows 10&apos;, os.arch: &apos;amd64&apos;, os.version: &apos;10.0&apos;, java.version: &apos;12.0.1&apos;&#10;Driver info: driver.version: unknown&#10;remote stacktrace: &#10;Command duration or timeout: 1.18 seconds"/>
  </testcase>
  <testcase name="validatefooterForServices" classname="com.atmecs.testScripts.HomePagetestscripts" time="0">
    <skipped message="Unable to find a matching set of capabilities&#10;Build info: version: &apos;3.141.59&apos;, revision: &apos;e82be7d358&apos;, time: &apos;2018-11-14T08:25:53&apos;&#10;System info: host: &apos;ATMECSINLT-038&apos;, ip: &apos;55.55.52.193&apos;, os.name: &apos;Windows 10&apos;, os.arch: &apos;amd64&apos;, os.version: &apos;10.0&apos;, java.version: &apos;12.0.1&apos;&#10;Driver info: driver.version: unknown&#10;remote stacktrace: &#10;Command duration or timeout: 1.18 seconds"/>
  </testcase>
  <testcase name="validatefooterForServices" classname="com.atmecs.testScripts.HomePagetestscripts" time="0">
    <skipped message="Unable to find a matching set of capabilities&#10;Build info: version: &apos;3.141.59&apos;, revision: &apos;e82be7d358&apos;, time: &apos;2018-11-14T08:25:53&apos;&#10;System info: host: &apos;ATMECSINLT-038&apos;, ip: &apos;55.55.52.193&apos;, os.name: &apos;Windows 10&apos;, os.arch: &apos;amd64&apos;, os.version: &apos;10.0&apos;, java.version: &apos;12.0.1&apos;&#10;Driver info: driver.version: unknown&#10;remote stacktrace: &#10;Command duration or timeout: 1.18 seconds"/>
  </testcase>
  <testcase name="validatefooterForServices" classname="com.atmecs.testScripts.HomePagetestscripts" time="0">
    <skipped message="Unable to find a matching set of capabilities&#10;Build info: version: &apos;3.141.59&apos;, revision: &apos;e82be7d358&apos;, time: &apos;2018-11-14T08:25:53&apos;&#10;System info: host: &apos;ATMECSINLT-038&apos;, ip: &apos;55.55.52.193&apos;, os.name: &apos;Windows 10&apos;, os.arch: &apos;amd64&apos;, os.version: &apos;10.0&apos;, java.version: &apos;12.0.1&apos;&#10;Driver info: driver.version: unknown&#10;remote stacktrace: &#10;Command duration or timeout: 1.18 seconds"/>
  </testcase>
  <testcase name="clickHeaderCareers" classname="com.atmecs.testScripts.HomePagetestscripts" time="0">
    <skipped message="Unable to find a matching set of capabilities&#10;Build info: version: &apos;3.141.59&apos;, revision: &apos;e82be7d358&apos;, time: &apos;2018-11-14T08:25:53&apos;&#10;System info: host: &apos;ATMECSINLT-038&apos;, ip: &apos;55.55.52.193&apos;, os.name: &apos;Windows 10&apos;, os.arch: &apos;amd64&apos;, os.version: &apos;10.0&apos;, java.version: &apos;12.0.1&apos;&#10;Driver info: driver.version: unknown&#10;remote stacktrace: &#10;Command duration or timeout: 1.18 seconds"/>
  </testcase>
  <testcase name="validatefooterForCareers" classname="com.atmecs.testScripts.HomePagetestscripts" time="0">
    <skipped message="Unable to find a matching set of capabilities&#10;Build info: version: &apos;3.141.59&apos;, revision: &apos;e82be7d358&apos;, time: &apos;2018-11-14T08:25:53&apos;&#10;System info: host: &apos;ATMECSINLT-038&apos;, ip: &apos;55.55.52.193&apos;, os.name: &apos;Windows 10&apos;, os.arch: &apos;amd64&apos;, os.version: &apos;10.0&apos;, java.version: &apos;12.0.1&apos;&#10;Driver info: driver.version: unknown&#10;remote stacktrace: &#10;Command duration or timeout: 1.18 seconds"/>
    <system-out><![CDATA[15
1
]]></system-out>
  </testcase>
  <testcase name="validatefooterForCareers" classname="com.atmecs.testScripts.HomePagetestscripts" time="0">
    <skipped message="Unable to find a matching set of capabilities&#10;Build info: version: &apos;3.141.59&apos;, revision: &apos;e82be7d358&apos;, time: &apos;2018-11-14T08:25:53&apos;&#10;System info: host: &apos;ATMECSINLT-038&apos;, ip: &apos;55.55.52.193&apos;, os.name: &apos;Windows 10&apos;, os.arch: &apos;amd64&apos;, os.version: &apos;10.0&apos;, java.version: &apos;12.0.1&apos;&#10;Driver info: driver.version: unknown&#10;remote stacktrace: &#10;Command duration or timeout: 1.18 seconds"/>
  </testcase>
  <testcase name="validatefooterForCareers" classname="com.atmecs.testScripts.HomePagetestscripts" time="0">
    <skipped message="Unable to find a matching set of capabilities&#10;Build info: version: &apos;3.141.59&apos;, revision: &apos;e82be7d358&apos;, time: &apos;2018-11-14T08:25:53&apos;&#10;System info: host: &apos;ATMECSINLT-038&apos;, ip: &apos;55.55.52.193&apos;, os.name: &apos;Windows 10&apos;, os.arch: &apos;amd64&apos;, os.version: &apos;10.0&apos;, java.version: &apos;12.0.1&apos;&#10;Driver info: driver.version: unknown&#10;remote stacktrace: &#10;Command duration or timeout: 1.18 seconds"/>
  </testcase>
  <testcase name="validatefooterForCareers" classname="com.atmecs.testScripts.HomePagetestscripts" time="0">
    <skipped message="Unable to find a matching set of capabilities&#10;Build info: version: &apos;3.141.59&apos;, revision: &apos;e82be7d358&apos;, time: &apos;2018-11-14T08:25:53&apos;&#10;System info: host: &apos;ATMECSINLT-038&apos;, ip: &apos;55.55.52.193&apos;, os.name: &apos;Windows 10&apos;, os.arch: &apos;amd64&apos;, os.version: &apos;10.0&apos;, java.version: &apos;12.0.1&apos;&#10;Driver info: driver.version: unknown&#10;remote stacktrace: &#10;Command duration or timeout: 1.18 seconds"/>
  </testcase>
  <testcase name="validatefooterForCareers" classname="com.atmecs.testScripts.HomePagetestscripts" time="0">
    <skipped message="Unable to find a matching set of capabilities&#10;Build info: version: &apos;3.141.59&apos;, revision: &apos;e82be7d358&apos;, time: &apos;2018-11-14T08:25:53&apos;&#10;System info: host: &apos;ATMECSINLT-038&apos;, ip: &apos;55.55.52.193&apos;, os.name: &apos;Windows 10&apos;, os.arch: &apos;amd64&apos;, os.version: &apos;10.0&apos;, java.version: &apos;12.0.1&apos;&#10;Driver info: driver.version: unknown&#10;remote stacktrace: &#10;Command duration or timeout: 1.18 seconds"/>
  </testcase>
  <testcase name="validatefooterForCareers" classname="com.atmecs.testScripts.HomePagetestscripts" time="0">
    <skipped message="Unable to find a matching set of capabilities&#10;Build info: version: &apos;3.141.59&apos;, revision: &apos;e82be7d358&apos;, time: &apos;2018-11-14T08:25:53&apos;&#10;System info: host: &apos;ATMECSINLT-038&apos;, ip: &apos;55.55.52.193&apos;, os.name: &apos;Windows 10&apos;, os.arch: &apos;amd64&apos;, os.version: &apos;10.0&apos;, java.version: &apos;12.0.1&apos;&#10;Driver info: driver.version: unknown&#10;remote stacktrace: &#10;Command duration or timeout: 1.18 seconds"/>
  </testcase>
  <testcase name="validatefooterForCareers" classname="com.atmecs.testScripts.HomePagetestscripts" time="0">
    <skipped message="Unable to find a matching set of capabilities&#10;Build info: version: &apos;3.141.59&apos;, revision: &apos;e82be7d358&apos;, time: &apos;2018-11-14T08:25:53&apos;&#10;System info: host: &apos;ATMECSINLT-038&apos;, ip: &apos;55.55.52.193&apos;, os.name: &apos;Windows 10&apos;, os.arch: &apos;amd64&apos;, os.version: &apos;10.0&apos;, java.version: &apos;12.0.1&apos;&#10;Driver info: driver.version: unknown&#10;remote stacktrace: &#10;Command duration or timeout: 1.18 seconds"/>
  </testcase>
  <testcase name="validatefooterForCareers" classname="com.atmecs.testScripts.HomePagetestscripts" time="0">
    <skipped message="Unable to find a matching set of capabilities&#10;Build info: version: &apos;3.141.59&apos;, revision: &apos;e82be7d358&apos;, time: &apos;2018-11-14T08:25:53&apos;&#10;System info: host: &apos;ATMECSINLT-038&apos;, ip: &apos;55.55.52.193&apos;, os.name: &apos;Windows 10&apos;, os.arch: &apos;amd64&apos;, os.version: &apos;10.0&apos;, java.version: &apos;12.0.1&apos;&#10;Driver info: driver.version: unknown&#10;remote stacktrace: &#10;Command duration or timeout: 1.18 seconds"/>
  </testcase>
  <testcase name="validatefooterForCareers" classname="com.atmecs.testScripts.HomePagetestscripts" time="0">
    <skipped message="Unable to find a matching set of capabilities&#10;Build info: version: &apos;3.141.59&apos;, revision: &apos;e82be7d358&apos;, time: &apos;2018-11-14T08:25:53&apos;&#10;System info: host: &apos;ATMECSINLT-038&apos;, ip: &apos;55.55.52.193&apos;, os.name: &apos;Windows 10&apos;, os.arch: &apos;amd64&apos;, os.version: &apos;10.0&apos;, java.version: &apos;12.0.1&apos;&#10;Driver info: driver.version: unknown&#10;remote stacktrace: &#10;Command duration or timeout: 1.18 seconds"/>
  </testcase>
  <testcase name="validatefooterForCareers" classname="com.atmecs.testScripts.HomePagetestscripts" time="0">
    <skipped message="Unable to find a matching set of capabilities&#10;Build info: version: &apos;3.141.59&apos;, revision: &apos;e82be7d358&apos;, time: &apos;2018-11-14T08:25:53&apos;&#10;System info: host: &apos;ATMECSINLT-038&apos;, ip: &apos;55.55.52.193&apos;, os.name: &apos;Windows 10&apos;, os.arch: &apos;amd64&apos;, os.version: &apos;10.0&apos;, java.version: &apos;12.0.1&apos;&#10;Driver info: driver.version: unknown&#10;remote stacktrace: &#10;Command duration or timeout: 1.18 seconds"/>
  </testcase>
  <testcase name="validatefooterForCareers" classname="com.atmecs.testScripts.HomePagetestscripts" time="0">
    <skipped message="Unable to find a matching set of capabilities&#10;Build info: version: &apos;3.141.59&apos;, revision: &apos;e82be7d358&apos;, time: &apos;2018-11-14T08:25:53&apos;&#10;System info: host: &apos;ATMECSINLT-038&apos;, ip: &apos;55.55.52.193&apos;, os.name: &apos;Windows 10&apos;, os.arch: &apos;amd64&apos;, os.version: &apos;10.0&apos;, java.version: &apos;12.0.1&apos;&#10;Driver info: driver.version: unknown&#10;remote stacktrace: &#10;Command duration or timeout: 1.18 seconds"/>
  </testcase>
  <testcase name="validatefooterForCareers" classname="com.atmecs.testScripts.HomePagetestscripts" time="0">
    <skipped message="Unable to find a matching set of capabilities&#10;Build info: version: &apos;3.141.59&apos;, revision: &apos;e82be7d358&apos;, time: &apos;2018-11-14T08:25:53&apos;&#10;System info: host: &apos;ATMECSINLT-038&apos;, ip: &apos;55.55.52.193&apos;, os.name: &apos;Windows 10&apos;, os.arch: &apos;amd64&apos;, os.version: &apos;10.0&apos;, java.version: &apos;12.0.1&apos;&#10;Driver info: driver.version: unknown&#10;remote stacktrace: &#10;Command duration or timeout: 1.18 seconds"/>
  </testcase>
  <testcase name="validatefooterForCareers" classname="com.atmecs.testScripts.HomePagetestscripts" time="0">
    <skipped message="Unable to find a matching set of capabilities&#10;Build info: version: &apos;3.141.59&apos;, revision: &apos;e82be7d358&apos;, time: &apos;2018-11-14T08:25:53&apos;&#10;System info: host: &apos;ATMECSINLT-038&apos;, ip: &apos;55.55.52.193&apos;, os.name: &apos;Windows 10&apos;, os.arch: &apos;amd64&apos;, os.version: &apos;10.0&apos;, java.version: &apos;12.0.1&apos;&#10;Driver info: driver.version: unknown&#10;remote stacktrace: &#10;Command duration or timeout: 1.18 seconds"/>
  </testcase>
  <testcase name="validatefooterForCareers" classname="com.atmecs.testScripts.HomePagetestscripts" time="0">
    <skipped message="Unable to find a matching set of capabilities&#10;Build info: version: &apos;3.141.59&apos;, revision: &apos;e82be7d358&apos;, time: &apos;2018-11-14T08:25:53&apos;&#10;System info: host: &apos;ATMECSINLT-038&apos;, ip: &apos;55.55.52.193&apos;, os.name: &apos;Windows 10&apos;, os.arch: &apos;amd64&apos;, os.version: &apos;10.0&apos;, java.version: &apos;12.0.1&apos;&#10;Driver info: driver.version: unknown&#10;remote stacktrace: &#10;Command duration or timeout: 1.18 seconds"/>
  </testcase>
  <testcase name="validatefooterForCareers" classname="com.atmecs.testScripts.HomePagetestscripts" time="0">
    <skipped message="Unable to find a matching set of capabilities&#10;Build info: version: &apos;3.141.59&apos;, revision: &apos;e82be7d358&apos;, time: &apos;2018-11-14T08:25:53&apos;&#10;System info: host: &apos;ATMECSINLT-038&apos;, ip: &apos;55.55.52.193&apos;, os.name: &apos;Windows 10&apos;, os.arch: &apos;amd64&apos;, os.version: &apos;10.0&apos;, java.version: &apos;12.0.1&apos;&#10;Driver info: driver.version: unknown&#10;remote stacktrace: &#10;Command duration or timeout: 1.18 seconds"/>
  </testcase>
  <testcase name="clickHeaderAboutUs" classname="com.atmecs.testScripts.HomePagetestscripts" time="0">
    <skipped message="Unable to find a matching set of capabilities&#10;Build info: version: &apos;3.141.59&apos;, revision: &apos;e82be7d358&apos;, time: &apos;2018-11-14T08:25:53&apos;&#10;System info: host: &apos;ATMECSINLT-038&apos;, ip: &apos;55.55.52.193&apos;, os.name: &apos;Windows 10&apos;, os.arch: &apos;amd64&apos;, os.version: &apos;10.0&apos;, java.version: &apos;12.0.1&apos;&#10;Driver info: driver.version: unknown&#10;remote stacktrace: &#10;Command duration or timeout: 1.18 seconds"/>
  </testcase>
  <testcase name="validatefooterForAboutUs" classname="com.atmecs.testScripts.HomePagetestscripts" time="0">
    <skipped message="Unable to find a matching set of capabilities&#10;Build info: version: &apos;3.141.59&apos;, revision: &apos;e82be7d358&apos;, time: &apos;2018-11-14T08:25:53&apos;&#10;System info: host: &apos;ATMECSINLT-038&apos;, ip: &apos;55.55.52.193&apos;, os.name: &apos;Windows 10&apos;, os.arch: &apos;amd64&apos;, os.version: &apos;10.0&apos;, java.version: &apos;12.0.1&apos;&#10;Driver info: driver.version: unknown&#10;remote stacktrace: &#10;Command duration or timeout: 1.18 seconds"/>
    <system-out><![CDATA[15
1
]]></system-out>
  </testcase>
  <testcase name="validatefooterForAboutUs" classname="com.atmecs.testScripts.HomePagetestscripts" time="0">
    <skipped message="Unable to find a matching set of capabilities&#10;Build info: version: &apos;3.141.59&apos;, revision: &apos;e82be7d358&apos;, time: &apos;2018-11-14T08:25:53&apos;&#10;System info: host: &apos;ATMECSINLT-038&apos;, ip: &apos;55.55.52.193&apos;, os.name: &apos;Windows 10&apos;, os.arch: &apos;amd64&apos;, os.version: &apos;10.0&apos;, java.version: &apos;12.0.1&apos;&#10;Driver info: driver.version: unknown&#10;remote stacktrace: &#10;Command duration or timeout: 1.18 seconds"/>
  </testcase>
  <testcase name="validatefooterForAboutUs" classname="com.atmecs.testScripts.HomePagetestscripts" time="0">
    <skipped message="Unable to find a matching set of capabilities&#10;Build info: version: &apos;3.141.59&apos;, revision: &apos;e82be7d358&apos;, time: &apos;2018-11-14T08:25:53&apos;&#10;System info: host: &apos;ATMECSINLT-038&apos;, ip: &apos;55.55.52.193&apos;, os.name: &apos;Windows 10&apos;, os.arch: &apos;amd64&apos;, os.version: &apos;10.0&apos;, java.version: &apos;12.0.1&apos;&#10;Driver info: driver.version: unknown&#10;remote stacktrace: &#10;Command duration or timeout: 1.18 seconds"/>
  </testcase>
  <testcase name="validatefooterForAboutUs" classname="com.atmecs.testScripts.HomePagetestscripts" time="0">
    <skipped message="Unable to find a matching set of capabilities&#10;Build info: version: &apos;3.141.59&apos;, revision: &apos;e82be7d358&apos;, time: &apos;2018-11-14T08:25:53&apos;&#10;System info: host: &apos;ATMECSINLT-038&apos;, ip: &apos;55.55.52.193&apos;, os.name: &apos;Windows 10&apos;, os.arch: &apos;amd64&apos;, os.version: &apos;10.0&apos;, java.version: &apos;12.0.1&apos;&#10;Driver info: driver.version: unknown&#10;remote stacktrace: &#10;Command duration or timeout: 1.18 seconds"/>
  </testcase>
  <testcase name="validatefooterForAboutUs" classname="com.atmecs.testScripts.HomePagetestscripts" time="0">
    <skipped message="Unable to find a matching set of capabilities&#10;Build info: version: &apos;3.141.59&apos;, revision: &apos;e82be7d358&apos;, time: &apos;2018-11-14T08:25:53&apos;&#10;System info: host: &apos;ATMECSINLT-038&apos;, ip: &apos;55.55.52.193&apos;, os.name: &apos;Windows 10&apos;, os.arch: &apos;amd64&apos;, os.version: &apos;10.0&apos;, java.version: &apos;12.0.1&apos;&#10;Driver info: driver.version: unknown&#10;remote stacktrace: &#10;Command duration or timeout: 1.18 seconds"/>
  </testcase>
  <testcase name="validatefooterForAboutUs" classname="com.atmecs.testScripts.HomePagetestscripts" time="0">
    <skipped message="Unable to find a matching set of capabilities&#10;Build info: version: &apos;3.141.59&apos;, revision: &apos;e82be7d358&apos;, time: &apos;2018-11-14T08:25:53&apos;&#10;System info: host: &apos;ATMECSINLT-038&apos;, ip: &apos;55.55.52.193&apos;, os.name: &apos;Windows 10&apos;, os.arch: &apos;amd64&apos;, os.version: &apos;10.0&apos;, java.version: &apos;12.0.1&apos;&#10;Driver info: driver.version: unknown&#10;remote stacktrace: &#10;Command duration or timeout: 1.18 seconds"/>
  </testcase>
  <testcase name="validatefooterForAboutUs" classname="com.atmecs.testScripts.HomePagetestscripts" time="0">
    <skipped message="Unable to find a matching set of capabilities&#10;Build info: version: &apos;3.141.59&apos;, revision: &apos;e82be7d358&apos;, time: &apos;2018-11-14T08:25:53&apos;&#10;System info: host: &apos;ATMECSINLT-038&apos;, ip: &apos;55.55.52.193&apos;, os.name: &apos;Windows 10&apos;, os.arch: &apos;amd64&apos;, os.version: &apos;10.0&apos;, java.version: &apos;12.0.1&apos;&#10;Driver info: driver.version: unknown&#10;remote stacktrace: &#10;Command duration or timeout: 1.18 seconds"/>
  </testcase>
  <testcase name="validatefooterForAboutUs" classname="com.atmecs.testScripts.HomePagetestscripts" time="0">
    <skipped message="Unable to find a matching set of capabilities&#10;Build info: version: &apos;3.141.59&apos;, revision: &apos;e82be7d358&apos;, time: &apos;2018-11-14T08:25:53&apos;&#10;System info: host: &apos;ATMECSINLT-038&apos;, ip: &apos;55.55.52.193&apos;, os.name: &apos;Windows 10&apos;, os.arch: &apos;amd64&apos;, os.version: &apos;10.0&apos;, java.version: &apos;12.0.1&apos;&#10;Driver info: driver.version: unknown&#10;remote stacktrace: &#10;Command duration or timeout: 1.18 seconds"/>
  </testcase>
  <testcase name="validatefooterForAboutUs" classname="com.atmecs.testScripts.HomePagetestscripts" time="0">
    <skipped message="Unable to find a matching set of capabilities&#10;Build info: version: &apos;3.141.59&apos;, revision: &apos;e82be7d358&apos;, time: &apos;2018-11-14T08:25:53&apos;&#10;System info: host: &apos;ATMECSINLT-038&apos;, ip: &apos;55.55.52.193&apos;, os.name: &apos;Windows 10&apos;, os.arch: &apos;amd64&apos;, os.version: &apos;10.0&apos;, java.version: &apos;12.0.1&apos;&#10;Driver info: driver.version: unknown&#10;remote stacktrace: &#10;Command duration or timeout: 1.18 seconds"/>
  </testcase>
  <testcase name="validatefooterForAboutUs" classname="com.atmecs.testScripts.HomePagetestscripts" time="0">
    <skipped message="Unable to find a matching set of capabilities&#10;Build info: version: &apos;3.141.59&apos;, revision: &apos;e82be7d358&apos;, time: &apos;2018-11-14T08:25:53&apos;&#10;System info: host: &apos;ATMECSINLT-038&apos;, ip: &apos;55.55.52.193&apos;, os.name: &apos;Windows 10&apos;, os.arch: &apos;amd64&apos;, os.version: &apos;10.0&apos;, java.version: &apos;12.0.1&apos;&#10;Driver info: driver.version: unknown&#10;remote stacktrace: &#10;Command duration or timeout: 1.18 seconds"/>
  </testcase>
  <testcase name="validatefooterForAboutUs" classname="com.atmecs.testScripts.HomePagetestscripts" time="0">
    <skipped message="Unable to find a matching set of capabilities&#10;Build info: version: &apos;3.141.59&apos;, revision: &apos;e82be7d358&apos;, time: &apos;2018-11-14T08:25:53&apos;&#10;System info: host: &apos;ATMECSINLT-038&apos;, ip: &apos;55.55.52.193&apos;, os.name: &apos;Windows 10&apos;, os.arch: &apos;amd64&apos;, os.version: &apos;10.0&apos;, java.version: &apos;12.0.1&apos;&#10;Driver info: driver.version: unknown&#10;remote stacktrace: &#10;Command duration or timeout: 1.18 seconds"/>
  </testcase>
  <testcase name="validatefooterForAboutUs" classname="com.atmecs.testScripts.HomePagetestscripts" time="0">
    <skipped message="Unable to find a matching set of capabilities&#10;Build info: version: &apos;3.141.59&apos;, revision: &apos;e82be7d358&apos;, time: &apos;2018-11-14T08:25:53&apos;&#10;System info: host: &apos;ATMECSINLT-038&apos;, ip: &apos;55.55.52.193&apos;, os.name: &apos;Windows 10&apos;, os.arch: &apos;amd64&apos;, os.version: &apos;10.0&apos;, java.version: &apos;12.0.1&apos;&#10;Driver info: driver.version: unknown&#10;remote stacktrace: &#10;Command duration or timeout: 1.18 seconds"/>
  </testcase>
  <testcase name="validatefooterForAboutUs" classname="com.atmecs.testScripts.HomePagetestscripts" time="0">
    <skipped message="Unable to find a matching set of capabilities&#10;Build info: version: &apos;3.141.59&apos;, revision: &apos;e82be7d358&apos;, time: &apos;2018-11-14T08:25:53&apos;&#10;System info: host: &apos;ATMECSINLT-038&apos;, ip: &apos;55.55.52.193&apos;, os.name: &apos;Windows 10&apos;, os.arch: &apos;amd64&apos;, os.version: &apos;10.0&apos;, java.version: &apos;12.0.1&apos;&#10;Driver info: driver.version: unknown&#10;remote stacktrace: &#10;Command duration or timeout: 1.18 seconds"/>
  </testcase>
  <testcase name="validatefooterForAboutUs" classname="com.atmecs.testScripts.HomePagetestscripts" time="0">
    <skipped message="Unable to find a matching set of capabilities&#10;Build info: version: &apos;3.141.59&apos;, revision: &apos;e82be7d358&apos;, time: &apos;2018-11-14T08:25:53&apos;&#10;System info: host: &apos;ATMECSINLT-038&apos;, ip: &apos;55.55.52.193&apos;, os.name: &apos;Windows 10&apos;, os.arch: &apos;amd64&apos;, os.version: &apos;10.0&apos;, java.version: &apos;12.0.1&apos;&#10;Driver info: driver.version: unknown&#10;remote stacktrace: &#10;Command duration or timeout: 1.18 seconds"/>
  </testcase>
  <testcase name="validatefooterForAboutUs" classname="com.atmecs.testScripts.HomePagetestscripts" time="0">
    <skipped message="Unable to find a matching set of capabilities&#10;Build info: version: &apos;3.141.59&apos;, revision: &apos;e82be7d358&apos;, time: &apos;2018-11-14T08:25:53&apos;&#10;System info: host: &apos;ATMECSINLT-038&apos;, ip: &apos;55.55.52.193&apos;, os.name: &apos;Windows 10&apos;, os.arch: &apos;amd64&apos;, os.version: &apos;10.0&apos;, java.version: &apos;12.0.1&apos;&#10;Driver info: driver.version: unknown&#10;remote stacktrace: &#10;Command duration or timeout: 1.18 seconds"/>
  </testcase>
  <testcase name="clickHeaderPartners" classname="com.atmecs.testScripts.HomePagetestscripts" time="0">
    <skipped message="Unable to find a matching set of capabilities&#10;Build info: version: &apos;3.141.59&apos;, revision: &apos;e82be7d358&apos;, time: &apos;2018-11-14T08:25:53&apos;&#10;System info: host: &apos;ATMECSINLT-038&apos;, ip: &apos;55.55.52.193&apos;, os.name: &apos;Windows 10&apos;, os.arch: &apos;amd64&apos;, os.version: &apos;10.0&apos;, java.version: &apos;12.0.1&apos;&#10;Driver info: driver.version: unknown&#10;remote stacktrace: &#10;Command duration or timeout: 1.18 seconds"/>
  </testcase>
  <testcase name="validatefooterForPartner" classname="com.atmecs.testScripts.HomePagetestscripts" time="0">
    <skipped message="Unable to find a matching set of capabilities&#10;Build info: version: &apos;3.141.59&apos;, revision: &apos;e82be7d358&apos;, time: &apos;2018-11-14T08:25:53&apos;&#10;System info: host: &apos;ATMECSINLT-038&apos;, ip: &apos;55.55.52.193&apos;, os.name: &apos;Windows 10&apos;, os.arch: &apos;amd64&apos;, os.version: &apos;10.0&apos;, java.version: &apos;12.0.1&apos;&#10;Driver info: driver.version: unknown&#10;remote stacktrace: &#10;Command duration or timeout: 1.18 seconds"/>
    <system-out><![CDATA[15
1
]]></system-out>
  </testcase>
  <testcase name="validatefooterForPartner" classname="com.atmecs.testScripts.HomePagetestscripts" time="0">
    <skipped message="Unable to find a matching set of capabilities&#10;Build info: version: &apos;3.141.59&apos;, revision: &apos;e82be7d358&apos;, time: &apos;2018-11-14T08:25:53&apos;&#10;System info: host: &apos;ATMECSINLT-038&apos;, ip: &apos;55.55.52.193&apos;, os.name: &apos;Windows 10&apos;, os.arch: &apos;amd64&apos;, os.version: &apos;10.0&apos;, java.version: &apos;12.0.1&apos;&#10;Driver info: driver.version: unknown&#10;remote stacktrace: &#10;Command duration or timeout: 1.18 seconds"/>
  </testcase>
  <testcase name="validatefooterForPartner" classname="com.atmecs.testScripts.HomePagetestscripts" time="0">
    <skipped message="Unable to find a matching set of capabilities&#10;Build info: version: &apos;3.141.59&apos;, revision: &apos;e82be7d358&apos;, time: &apos;2018-11-14T08:25:53&apos;&#10;System info: host: &apos;ATMECSINLT-038&apos;, ip: &apos;55.55.52.193&apos;, os.name: &apos;Windows 10&apos;, os.arch: &apos;amd64&apos;, os.version: &apos;10.0&apos;, java.version: &apos;12.0.1&apos;&#10;Driver info: driver.version: unknown&#10;remote stacktrace: &#10;Command duration or timeout: 1.18 seconds"/>
  </testcase>
  <testcase name="validatefooterForPartner" classname="com.atmecs.testScripts.HomePagetestscripts" time="0">
    <skipped message="Unable to find a matching set of capabilities&#10;Build info: version: &apos;3.141.59&apos;, revision: &apos;e82be7d358&apos;, time: &apos;2018-11-14T08:25:53&apos;&#10;System info: host: &apos;ATMECSINLT-038&apos;, ip: &apos;55.55.52.193&apos;, os.name: &apos;Windows 10&apos;, os.arch: &apos;amd64&apos;, os.version: &apos;10.0&apos;, java.version: &apos;12.0.1&apos;&#10;Driver info: driver.version: unknown&#10;remote stacktrace: &#10;Command duration or timeout: 1.18 seconds"/>
  </testcase>
  <testcase name="validatefooterForPartner" classname="com.atmecs.testScripts.HomePagetestscripts" time="0">
    <skipped message="Unable to find a matching set of capabilities&#10;Build info: version: &apos;3.141.59&apos;, revision: &apos;e82be7d358&apos;, time: &apos;2018-11-14T08:25:53&apos;&#10;System info: host: &apos;ATMECSINLT-038&apos;, ip: &apos;55.55.52.193&apos;, os.name: &apos;Windows 10&apos;, os.arch: &apos;amd64&apos;, os.version: &apos;10.0&apos;, java.version: &apos;12.0.1&apos;&#10;Driver info: driver.version: unknown&#10;remote stacktrace: &#10;Command duration or timeout: 1.18 seconds"/>
  </testcase>
  <testcase name="validatefooterForPartner" classname="com.atmecs.testScripts.HomePagetestscripts" time="0">
    <skipped message="Unable to find a matching set of capabilities&#10;Build info: version: &apos;3.141.59&apos;, revision: &apos;e82be7d358&apos;, time: &apos;2018-11-14T08:25:53&apos;&#10;System info: host: &apos;ATMECSINLT-038&apos;, ip: &apos;55.55.52.193&apos;, os.name: &apos;Windows 10&apos;, os.arch: &apos;amd64&apos;, os.version: &apos;10.0&apos;, java.version: &apos;12.0.1&apos;&#10;Driver info: driver.version: unknown&#10;remote stacktrace: &#10;Command duration or timeout: 1.18 seconds"/>
  </testcase>
  <testcase name="validatefooterForPartner" classname="com.atmecs.testScripts.HomePagetestscripts" time="0">
    <skipped message="Unable to find a matching set of capabilities&#10;Build info: version: &apos;3.141.59&apos;, revision: &apos;e82be7d358&apos;, time: &apos;2018-11-14T08:25:53&apos;&#10;System info: host: &apos;ATMECSINLT-038&apos;, ip: &apos;55.55.52.193&apos;, os.name: &apos;Windows 10&apos;, os.arch: &apos;amd64&apos;, os.version: &apos;10.0&apos;, java.version: &apos;12.0.1&apos;&#10;Driver info: driver.version: unknown&#10;remote stacktrace: &#10;Command duration or timeout: 1.18 seconds"/>
  </testcase>
  <testcase name="validatefooterForPartner" classname="com.atmecs.testScripts.HomePagetestscripts" time="0">
    <skipped message="Unable to find a matching set of capabilities&#10;Build info: version: &apos;3.141.59&apos;, revision: &apos;e82be7d358&apos;, time: &apos;2018-11-14T08:25:53&apos;&#10;System info: host: &apos;ATMECSINLT-038&apos;, ip: &apos;55.55.52.193&apos;, os.name: &apos;Windows 10&apos;, os.arch: &apos;amd64&apos;, os.version: &apos;10.0&apos;, java.version: &apos;12.0.1&apos;&#10;Driver info: driver.version: unknown&#10;remote stacktrace: &#10;Command duration or timeout: 1.18 seconds"/>
  </testcase>
  <testcase name="validatefooterForPartner" classname="com.atmecs.testScripts.HomePagetestscripts" time="0">
    <skipped message="Unable to find a matching set of capabilities&#10;Build info: version: &apos;3.141.59&apos;, revision: &apos;e82be7d358&apos;, time: &apos;2018-11-14T08:25:53&apos;&#10;System info: host: &apos;ATMECSINLT-038&apos;, ip: &apos;55.55.52.193&apos;, os.name: &apos;Windows 10&apos;, os.arch: &apos;amd64&apos;, os.version: &apos;10.0&apos;, java.version: &apos;12.0.1&apos;&#10;Driver info: driver.version: unknown&#10;remote stacktrace: &#10;Command duration or timeout: 1.18 seconds"/>
  </testcase>
  <testcase name="validatefooterForPartner" classname="com.atmecs.testScripts.HomePagetestscripts" time="0">
    <skipped message="Unable to find a matching set of capabilities&#10;Build info: version: &apos;3.141.59&apos;, revision: &apos;e82be7d358&apos;, time: &apos;2018-11-14T08:25:53&apos;&#10;System info: host: &apos;ATMECSINLT-038&apos;, ip: &apos;55.55.52.193&apos;, os.name: &apos;Windows 10&apos;, os.arch: &apos;amd64&apos;, os.version: &apos;10.0&apos;, java.version: &apos;12.0.1&apos;&#10;Driver info: driver.version: unknown&#10;remote stacktrace: &#10;Command duration or timeout: 1.18 seconds"/>
  </testcase>
  <testcase name="validatefooterForPartner" classname="com.atmecs.testScripts.HomePagetestscripts" time="0">
    <skipped message="Unable to find a matching set of capabilities&#10;Build info: version: &apos;3.141.59&apos;, revision: &apos;e82be7d358&apos;, time: &apos;2018-11-14T08:25:53&apos;&#10;System info: host: &apos;ATMECSINLT-038&apos;, ip: &apos;55.55.52.193&apos;, os.name: &apos;Windows 10&apos;, os.arch: &apos;amd64&apos;, os.version: &apos;10.0&apos;, java.version: &apos;12.0.1&apos;&#10;Driver info: driver.version: unknown&#10;remote stacktrace: &#10;Command duration or timeout: 1.18 seconds"/>
  </testcase>
  <testcase name="validatefooterForPartner" classname="com.atmecs.testScripts.HomePagetestscripts" time="0">
    <skipped message="Unable to find a matching set of capabilities&#10;Build info: version: &apos;3.141.59&apos;, revision: &apos;e82be7d358&apos;, time: &apos;2018-11-14T08:25:53&apos;&#10;System info: host: &apos;ATMECSINLT-038&apos;, ip: &apos;55.55.52.193&apos;, os.name: &apos;Windows 10&apos;, os.arch: &apos;amd64&apos;, os.version: &apos;10.0&apos;, java.version: &apos;12.0.1&apos;&#10;Driver info: driver.version: unknown&#10;remote stacktrace: &#10;Command duration or timeout: 1.18 seconds"/>
  </testcase>
  <testcase name="validatefooterForPartner" classname="com.atmecs.testScripts.HomePagetestscripts" time="0">
    <skipped message="Unable to find a matching set of capabilities&#10;Build info: version: &apos;3.141.59&apos;, revision: &apos;e82be7d358&apos;, time: &apos;2018-11-14T08:25:53&apos;&#10;System info: host: &apos;ATMECSINLT-038&apos;, ip: &apos;55.55.52.193&apos;, os.name: &apos;Windows 10&apos;, os.arch: &apos;amd64&apos;, os.version: &apos;10.0&apos;, java.version: &apos;12.0.1&apos;&#10;Driver info: driver.version: unknown&#10;remote stacktrace: &#10;Command duration or timeout: 1.18 seconds"/>
  </testcase>
  <testcase name="validatefooterForPartner" classname="com.atmecs.testScripts.HomePagetestscripts" time="0">
    <skipped message="Unable to find a matching set of capabilities&#10;Build info: version: &apos;3.141.59&apos;, revision: &apos;e82be7d358&apos;, time: &apos;2018-11-14T08:25:53&apos;&#10;System info: host: &apos;ATMECSINLT-038&apos;, ip: &apos;55.55.52.193&apos;, os.name: &apos;Windows 10&apos;, os.arch: &apos;amd64&apos;, os.version: &apos;10.0&apos;, java.version: &apos;12.0.1&apos;&#10;Driver info: driver.version: unknown&#10;remote stacktrace: &#10;Command duration or timeout: 1.18 seconds"/>
  </testcase>
  <testcase name="validatefooterForPartner" classname="com.atmecs.testScripts.HomePagetestscripts" time="0">
    <skipped message="Unable to find a matching set of capabilities&#10;Build info: version: &apos;3.141.59&apos;, revision: &apos;e82be7d358&apos;, time: &apos;2018-11-14T08:25:53&apos;&#10;System info: host: &apos;ATMECSINLT-038&apos;, ip: &apos;55.55.52.193&apos;, os.name: &apos;Windows 10&apos;, os.arch: &apos;amd64&apos;, os.version: &apos;10.0&apos;, java.version: &apos;12.0.1&apos;&#10;Driver info: driver.version: unknown&#10;remote stacktrace: &#10;Command duration or timeout: 1.18 seconds"/>
  </testcase>
  <testcase name="clickHeaderMedia" classname="com.atmecs.testScripts.HomePagetestscripts" time="0">
    <skipped message="Unable to find a matching set of capabilities&#10;Build info: version: &apos;3.141.59&apos;, revision: &apos;e82be7d358&apos;, time: &apos;2018-11-14T08:25:53&apos;&#10;System info: host: &apos;ATMECSINLT-038&apos;, ip: &apos;55.55.52.193&apos;, os.name: &apos;Windows 10&apos;, os.arch: &apos;amd64&apos;, os.version: &apos;10.0&apos;, java.version: &apos;12.0.1&apos;&#10;Driver info: driver.version: unknown&#10;remote stacktrace: &#10;Command duration or timeout: 1.18 seconds"/>
  </testcase>
  <testcase name="validatefooterForMedia" classname="com.atmecs.testScripts.HomePagetestscripts" time="0">
    <skipped message="Unable to find a matching set of capabilities&#10;Build info: version: &apos;3.141.59&apos;, revision: &apos;e82be7d358&apos;, time: &apos;2018-11-14T08:25:53&apos;&#10;System info: host: &apos;ATMECSINLT-038&apos;, ip: &apos;55.55.52.193&apos;, os.name: &apos;Windows 10&apos;, os.arch: &apos;amd64&apos;, os.version: &apos;10.0&apos;, java.version: &apos;12.0.1&apos;&#10;Driver info: driver.version: unknown&#10;remote stacktrace: &#10;Command duration or timeout: 1.18 seconds"/>
    <system-out><![CDATA[15
1
]]></system-out>
  </testcase>
  <testcase name="validatefooterForMedia" classname="com.atmecs.testScripts.HomePagetestscripts" time="0">
    <skipped message="Unable to find a matching set of capabilities&#10;Build info: version: &apos;3.141.59&apos;, revision: &apos;e82be7d358&apos;, time: &apos;2018-11-14T08:25:53&apos;&#10;System info: host: &apos;ATMECSINLT-038&apos;, ip: &apos;55.55.52.193&apos;, os.name: &apos;Windows 10&apos;, os.arch: &apos;amd64&apos;, os.version: &apos;10.0&apos;, java.version: &apos;12.0.1&apos;&#10;Driver info: driver.version: unknown&#10;remote stacktrace: &#10;Command duration or timeout: 1.18 seconds"/>
  </testcase>
  <testcase name="validatefooterForMedia" classname="com.atmecs.testScripts.HomePagetestscripts" time="0">
    <skipped message="Unable to find a matching set of capabilities&#10;Build info: version: &apos;3.141.59&apos;, revision: &apos;e82be7d358&apos;, time: &apos;2018-11-14T08:25:53&apos;&#10;System info: host: &apos;ATMECSINLT-038&apos;, ip: &apos;55.55.52.193&apos;, os.name: &apos;Windows 10&apos;, os.arch: &apos;amd64&apos;, os.version: &apos;10.0&apos;, java.version: &apos;12.0.1&apos;&#10;Driver info: driver.version: unknown&#10;remote stacktrace: &#10;Command duration or timeout: 1.18 seconds"/>
  </testcase>
  <testcase name="validatefooterForMedia" classname="com.atmecs.testScripts.HomePagetestscripts" time="0">
    <skipped message="Unable to find a matching set of capabilities&#10;Build info: version: &apos;3.141.59&apos;, revision: &apos;e82be7d358&apos;, time: &apos;2018-11-14T08:25:53&apos;&#10;System info: host: &apos;ATMECSINLT-038&apos;, ip: &apos;55.55.52.193&apos;, os.name: &apos;Windows 10&apos;, os.arch: &apos;amd64&apos;, os.version: &apos;10.0&apos;, java.version: &apos;12.0.1&apos;&#10;Driver info: driver.version: unknown&#10;remote stacktrace: &#10;Command duration or timeout: 1.18 seconds"/>
  </testcase>
  <testcase name="validatefooterForMedia" classname="com.atmecs.testScripts.HomePagetestscripts" time="0">
    <skipped message="Unable to find a matching set of capabilities&#10;Build info: version: &apos;3.141.59&apos;, revision: &apos;e82be7d358&apos;, time: &apos;2018-11-14T08:25:53&apos;&#10;System info: host: &apos;ATMECSINLT-038&apos;, ip: &apos;55.55.52.193&apos;, os.name: &apos;Windows 10&apos;, os.arch: &apos;amd64&apos;, os.version: &apos;10.0&apos;, java.version: &apos;12.0.1&apos;&#10;Driver info: driver.version: unknown&#10;remote stacktrace: &#10;Command duration or timeout: 1.18 seconds"/>
  </testcase>
  <testcase name="validatefooterForMedia" classname="com.atmecs.testScripts.HomePagetestscripts" time="0">
    <skipped message="Unable to find a matching set of capabilities&#10;Build info: version: &apos;3.141.59&apos;, revision: &apos;e82be7d358&apos;, time: &apos;2018-11-14T08:25:53&apos;&#10;System info: host: &apos;ATMECSINLT-038&apos;, ip: &apos;55.55.52.193&apos;, os.name: &apos;Windows 10&apos;, os.arch: &apos;amd64&apos;, os.version: &apos;10.0&apos;, java.version: &apos;12.0.1&apos;&#10;Driver info: driver.version: unknown&#10;remote stacktrace: &#10;Command duration or timeout: 1.18 seconds"/>
  </testcase>
  <testcase name="validatefooterForMedia" classname="com.atmecs.testScripts.HomePagetestscripts" time="0">
    <skipped message="Unable to find a matching set of capabilities&#10;Build info: version: &apos;3.141.59&apos;, revision: &apos;e82be7d358&apos;, time: &apos;2018-11-14T08:25:53&apos;&#10;System info: host: &apos;ATMECSINLT-038&apos;, ip: &apos;55.55.52.193&apos;, os.name: &apos;Windows 10&apos;, os.arch: &apos;amd64&apos;, os.version: &apos;10.0&apos;, java.version: &apos;12.0.1&apos;&#10;Driver info: driver.version: unknown&#10;remote stacktrace: &#10;Command duration or timeout: 1.18 seconds"/>
  </testcase>
  <testcase name="validatefooterForMedia" classname="com.atmecs.testScripts.HomePagetestscripts" time="0">
    <skipped message="Unable to find a matching set of capabilities&#10;Build info: version: &apos;3.141.59&apos;, revision: &apos;e82be7d358&apos;, time: &apos;2018-11-14T08:25:53&apos;&#10;System info: host: &apos;ATMECSINLT-038&apos;, ip: &apos;55.55.52.193&apos;, os.name: &apos;Windows 10&apos;, os.arch: &apos;amd64&apos;, os.version: &apos;10.0&apos;, java.version: &apos;12.0.1&apos;&#10;Driver info: driver.version: unknown&#10;remote stacktrace: &#10;Command duration or timeout: 1.18 seconds"/>
  </testcase>
  <testcase name="validatefooterForMedia" classname="com.atmecs.testScripts.HomePagetestscripts" time="0">
    <skipped message="Unable to find a matching set of capabilities&#10;Build info: version: &apos;3.141.59&apos;, revision: &apos;e82be7d358&apos;, time: &apos;2018-11-14T08:25:53&apos;&#10;System info: host: &apos;ATMECSINLT-038&apos;, ip: &apos;55.55.52.193&apos;, os.name: &apos;Windows 10&apos;, os.arch: &apos;amd64&apos;, os.version: &apos;10.0&apos;, java.version: &apos;12.0.1&apos;&#10;Driver info: driver.version: unknown&#10;remote stacktrace: &#10;Command duration or timeout: 1.18 seconds"/>
  </testcase>
  <testcase name="validatefooterForMedia" classname="com.atmecs.testScripts.HomePagetestscripts" time="0">
    <skipped message="Unable to find a matching set of capabilities&#10;Build info: version: &apos;3.141.59&apos;, revision: &apos;e82be7d358&apos;, time: &apos;2018-11-14T08:25:53&apos;&#10;System info: host: &apos;ATMECSINLT-038&apos;, ip: &apos;55.55.52.193&apos;, os.name: &apos;Windows 10&apos;, os.arch: &apos;amd64&apos;, os.version: &apos;10.0&apos;, java.version: &apos;12.0.1&apos;&#10;Driver info: driver.version: unknown&#10;remote stacktrace: &#10;Command duration or timeout: 1.18 seconds"/>
  </testcase>
  <testcase name="validatefooterForMedia" classname="com.atmecs.testScripts.HomePagetestscripts" time="0">
    <skipped message="Unable to find a matching set of capabilities&#10;Build info: version: &apos;3.141.59&apos;, revision: &apos;e82be7d358&apos;, time: &apos;2018-11-14T08:25:53&apos;&#10;System info: host: &apos;ATMECSINLT-038&apos;, ip: &apos;55.55.52.193&apos;, os.name: &apos;Windows 10&apos;, os.arch: &apos;amd64&apos;, os.version: &apos;10.0&apos;, java.version: &apos;12.0.1&apos;&#10;Driver info: driver.version: unknown&#10;remote stacktrace: &#10;Command duration or timeout: 1.18 seconds"/>
  </testcase>
  <testcase name="validatefooterForMedia" classname="com.atmecs.testScripts.HomePagetestscripts" time="0">
    <skipped message="Unable to find a matching set of capabilities&#10;Build info: version: &apos;3.141.59&apos;, revision: &apos;e82be7d358&apos;, time: &apos;2018-11-14T08:25:53&apos;&#10;System info: host: &apos;ATMECSINLT-038&apos;, ip: &apos;55.55.52.193&apos;, os.name: &apos;Windows 10&apos;, os.arch: &apos;amd64&apos;, os.version: &apos;10.0&apos;, java.version: &apos;12.0.1&apos;&#10;Driver info: driver.version: unknown&#10;remote stacktrace: &#10;Command duration or timeout: 1.18 seconds"/>
  </testcase>
  <testcase name="validatefooterForMedia" classname="com.atmecs.testScripts.HomePagetestscripts" time="0">
    <skipped message="Unable to find a matching set of capabilities&#10;Build info: version: &apos;3.141.59&apos;, revision: &apos;e82be7d358&apos;, time: &apos;2018-11-14T08:25:53&apos;&#10;System info: host: &apos;ATMECSINLT-038&apos;, ip: &apos;55.55.52.193&apos;, os.name: &apos;Windows 10&apos;, os.arch: &apos;amd64&apos;, os.version: &apos;10.0&apos;, java.version: &apos;12.0.1&apos;&#10;Driver info: driver.version: unknown&#10;remote stacktrace: &#10;Command duration or timeout: 1.18 seconds"/>
  </testcase>
  <testcase name="validatefooterForMedia" classname="com.atmecs.testScripts.HomePagetestscripts" time="0">
    <skipped message="Unable to find a matching set of capabilities&#10;Build info: version: &apos;3.141.59&apos;, revision: &apos;e82be7d358&apos;, time: &apos;2018-11-14T08:25:53&apos;&#10;System info: host: &apos;ATMECSINLT-038&apos;, ip: &apos;55.55.52.193&apos;, os.name: &apos;Windows 10&apos;, os.arch: &apos;amd64&apos;, os.version: &apos;10.0&apos;, java.version: &apos;12.0.1&apos;&#10;Driver info: driver.version: unknown&#10;remote stacktrace: &#10;Command duration or timeout: 1.18 seconds"/>
  </testcase>
  <testcase name="validatefooterForMedia" classname="com.atmecs.testScripts.HomePagetestscripts" time="0">
    <skipped message="Unable to find a matching set of capabilities&#10;Build info: version: &apos;3.141.59&apos;, revision: &apos;e82be7d358&apos;, time: &apos;2018-11-14T08:25:53&apos;&#10;System info: host: &apos;ATMECSINLT-038&apos;, ip: &apos;55.55.52.193&apos;, os.name: &apos;Windows 10&apos;, os.arch: &apos;amd64&apos;, os.version: &apos;10.0&apos;, java.version: &apos;12.0.1&apos;&#10;Driver info: driver.version: unknown&#10;remote stacktrace: &#10;Command duration or timeout: 1.18 seconds"/>
  </testcase>
  <testcase name="clickContactUs" classname="com.atmecs.testScripts.HomePagetestscripts" time="0">
    <skipped message="Unable to find a matching set of capabilities&#10;Build info: version: &apos;3.141.59&apos;, revision: &apos;e82be7d358&apos;, time: &apos;2018-11-14T08:25:53&apos;&#10;System info: host: &apos;ATMECSINLT-038&apos;, ip: &apos;55.55.52.193&apos;, os.name: &apos;Windows 10&apos;, os.arch: &apos;amd64&apos;, os.version: &apos;10.0&apos;, java.version: &apos;12.0.1&apos;&#10;Driver info: driver.version: unknown&#10;remote stacktrace: &#10;Command duration or timeout: 1.18 seconds"/>
  </testcase>
  <testcase name="validatefooterForContacts" classname="com.atmecs.testScripts.HomePagetestscripts" time="0">
    <skipped message="Unable to find a matching set of capabilities&#10;Build info: version: &apos;3.141.59&apos;, revision: &apos;e82be7d358&apos;, time: &apos;2018-11-14T08:25:53&apos;&#10;System info: host: &apos;ATMECSINLT-038&apos;, ip: &apos;55.55.52.193&apos;, os.name: &apos;Windows 10&apos;, os.arch: &apos;amd64&apos;, os.version: &apos;10.0&apos;, java.version: &apos;12.0.1&apos;&#10;Driver info: driver.version: unknown&#10;remote stacktrace: &#10;Command duration or timeout: 1.18 seconds"/>
    <system-out><![CDATA[15
1
]]></system-out>
  </testcase>
  <testcase name="validatefooterForContacts" classname="com.atmecs.testScripts.HomePagetestscripts" time="0">
    <skipped message="Unable to find a matching set of capabilities&#10;Build info: version: &apos;3.141.59&apos;, revision: &apos;e82be7d358&apos;, time: &apos;2018-11-14T08:25:53&apos;&#10;System info: host: &apos;ATMECSINLT-038&apos;, ip: &apos;55.55.52.193&apos;, os.name: &apos;Windows 10&apos;, os.arch: &apos;amd64&apos;, os.version: &apos;10.0&apos;, java.version: &apos;12.0.1&apos;&#10;Driver info: driver.version: unknown&#10;remote stacktrace: &#10;Command duration or timeout: 1.18 seconds"/>
  </testcase>
  <testcase name="validatefooterForContacts" classname="com.atmecs.testScripts.HomePagetestscripts" time="0">
    <skipped message="Unable to find a matching set of capabilities&#10;Build info: version: &apos;3.141.59&apos;, revision: &apos;e82be7d358&apos;, time: &apos;2018-11-14T08:25:53&apos;&#10;System info: host: &apos;ATMECSINLT-038&apos;, ip: &apos;55.55.52.193&apos;, os.name: &apos;Windows 10&apos;, os.arch: &apos;amd64&apos;, os.version: &apos;10.0&apos;, java.version: &apos;12.0.1&apos;&#10;Driver info: driver.version: unknown&#10;remote stacktrace: &#10;Command duration or timeout: 1.18 seconds"/>
  </testcase>
  <testcase name="validatefooterForContacts" classname="com.atmecs.testScripts.HomePagetestscripts" time="0">
    <skipped message="Unable to find a matching set of capabilities&#10;Build info: version: &apos;3.141.59&apos;, revision: &apos;e82be7d358&apos;, time: &apos;2018-11-14T08:25:53&apos;&#10;System info: host: &apos;ATMECSINLT-038&apos;, ip: &apos;55.55.52.193&apos;, os.name: &apos;Windows 10&apos;, os.arch: &apos;amd64&apos;, os.version: &apos;10.0&apos;, java.version: &apos;12.0.1&apos;&#10;Driver info: driver.version: unknown&#10;remote stacktrace: &#10;Command duration or timeout: 1.18 seconds"/>
  </testcase>
  <testcase name="validatefooterForContacts" classname="com.atmecs.testScripts.HomePagetestscripts" time="0">
    <skipped message="Unable to find a matching set of capabilities&#10;Build info: version: &apos;3.141.59&apos;, revision: &apos;e82be7d358&apos;, time: &apos;2018-11-14T08:25:53&apos;&#10;System info: host: &apos;ATMECSINLT-038&apos;, ip: &apos;55.55.52.193&apos;, os.name: &apos;Windows 10&apos;, os.arch: &apos;amd64&apos;, os.version: &apos;10.0&apos;, java.version: &apos;12.0.1&apos;&#10;Driver info: driver.version: unknown&#10;remote stacktrace: &#10;Command duration or timeout: 1.18 seconds"/>
  </testcase>
  <testcase name="validatefooterForContacts" classname="com.atmecs.testScripts.HomePagetestscripts" time="0">
    <skipped message="Unable to find a matching set of capabilities&#10;Build info: version: &apos;3.141.59&apos;, revision: &apos;e82be7d358&apos;, time: &apos;2018-11-14T08:25:53&apos;&#10;System info: host: &apos;ATMECSINLT-038&apos;, ip: &apos;55.55.52.193&apos;, os.name: &apos;Windows 10&apos;, os.arch: &apos;amd64&apos;, os.version: &apos;10.0&apos;, java.version: &apos;12.0.1&apos;&#10;Driver info: driver.version: unknown&#10;remote stacktrace: &#10;Command duration or timeout: 1.18 seconds"/>
  </testcase>
  <testcase name="validatefooterForContacts" classname="com.atmecs.testScripts.HomePagetestscripts" time="0">
    <skipped message="Unable to find a matching set of capabilities&#10;Build info: version: &apos;3.141.59&apos;, revision: &apos;e82be7d358&apos;, time: &apos;2018-11-14T08:25:53&apos;&#10;System info: host: &apos;ATMECSINLT-038&apos;, ip: &apos;55.55.52.193&apos;, os.name: &apos;Windows 10&apos;, os.arch: &apos;amd64&apos;, os.version: &apos;10.0&apos;, java.version: &apos;12.0.1&apos;&#10;Driver info: driver.version: unknown&#10;remote stacktrace: &#10;Command duration or timeout: 1.18 seconds"/>
  </testcase>
  <testcase name="validatefooterForContacts" classname="com.atmecs.testScripts.HomePagetestscripts" time="0">
    <skipped message="Unable to find a matching set of capabilities&#10;Build info: version: &apos;3.141.59&apos;, revision: &apos;e82be7d358&apos;, time: &apos;2018-11-14T08:25:53&apos;&#10;System info: host: &apos;ATMECSINLT-038&apos;, ip: &apos;55.55.52.193&apos;, os.name: &apos;Windows 10&apos;, os.arch: &apos;amd64&apos;, os.version: &apos;10.0&apos;, java.version: &apos;12.0.1&apos;&#10;Driver info: driver.version: unknown&#10;remote stacktrace: &#10;Command duration or timeout: 1.18 seconds"/>
  </testcase>
  <testcase name="validatefooterForContacts" classname="com.atmecs.testScripts.HomePagetestscripts" time="0">
    <skipped message="Unable to find a matching set of capabilities&#10;Build info: version: &apos;3.141.59&apos;, revision: &apos;e82be7d358&apos;, time: &apos;2018-11-14T08:25:53&apos;&#10;System info: host: &apos;ATMECSINLT-038&apos;, ip: &apos;55.55.52.193&apos;, os.name: &apos;Windows 10&apos;, os.arch: &apos;amd64&apos;, os.version: &apos;10.0&apos;, java.version: &apos;12.0.1&apos;&#10;Driver info: driver.version: unknown&#10;remote stacktrace: &#10;Command duration or timeout: 1.18 seconds"/>
  </testcase>
  <testcase name="validatefooterForContacts" classname="com.atmecs.testScripts.HomePagetestscripts" time="0">
    <skipped message="Unable to find a matching set of capabilities&#10;Build info: version: &apos;3.141.59&apos;, revision: &apos;e82be7d358&apos;, time: &apos;2018-11-14T08:25:53&apos;&#10;System info: host: &apos;ATMECSINLT-038&apos;, ip: &apos;55.55.52.193&apos;, os.name: &apos;Windows 10&apos;, os.arch: &apos;amd64&apos;, os.version: &apos;10.0&apos;, java.version: &apos;12.0.1&apos;&#10;Driver info: driver.version: unknown&#10;remote stacktrace: &#10;Command duration or timeout: 1.18 seconds"/>
  </testcase>
  <testcase name="validatefooterForContacts" classname="com.atmecs.testScripts.HomePagetestscripts" time="0">
    <skipped message="Unable to find a matching set of capabilities&#10;Build info: version: &apos;3.141.59&apos;, revision: &apos;e82be7d358&apos;, time: &apos;2018-11-14T08:25:53&apos;&#10;System info: host: &apos;ATMECSINLT-038&apos;, ip: &apos;55.55.52.193&apos;, os.name: &apos;Windows 10&apos;, os.arch: &apos;amd64&apos;, os.version: &apos;10.0&apos;, java.version: &apos;12.0.1&apos;&#10;Driver info: driver.version: unknown&#10;remote stacktrace: &#10;Command duration or timeout: 1.18 seconds"/>
  </testcase>
  <testcase name="validatefooterForContacts" classname="com.atmecs.testScripts.HomePagetestscripts" time="0">
    <skipped message="Unable to find a matching set of capabilities&#10;Build info: version: &apos;3.141.59&apos;, revision: &apos;e82be7d358&apos;, time: &apos;2018-11-14T08:25:53&apos;&#10;System info: host: &apos;ATMECSINLT-038&apos;, ip: &apos;55.55.52.193&apos;, os.name: &apos;Windows 10&apos;, os.arch: &apos;amd64&apos;, os.version: &apos;10.0&apos;, java.version: &apos;12.0.1&apos;&#10;Driver info: driver.version: unknown&#10;remote stacktrace: &#10;Command duration or timeout: 1.18 seconds"/>
  </testcase>
  <testcase name="validatefooterForContacts" classname="com.atmecs.testScripts.HomePagetestscripts" time="0">
    <skipped message="Unable to find a matching set of capabilities&#10;Build info: version: &apos;3.141.59&apos;, revision: &apos;e82be7d358&apos;, time: &apos;2018-11-14T08:25:53&apos;&#10;System info: host: &apos;ATMECSINLT-038&apos;, ip: &apos;55.55.52.193&apos;, os.name: &apos;Windows 10&apos;, os.arch: &apos;amd64&apos;, os.version: &apos;10.0&apos;, java.version: &apos;12.0.1&apos;&#10;Driver info: driver.version: unknown&#10;remote stacktrace: &#10;Command duration or timeout: 1.18 seconds"/>
  </testcase>
  <testcase name="validatefooterForContacts" classname="com.atmecs.testScripts.HomePagetestscripts" time="0">
    <skipped message="Unable to find a matching set of capabilities&#10;Build info: version: &apos;3.141.59&apos;, revision: &apos;e82be7d358&apos;, time: &apos;2018-11-14T08:25:53&apos;&#10;System info: host: &apos;ATMECSINLT-038&apos;, ip: &apos;55.55.52.193&apos;, os.name: &apos;Windows 10&apos;, os.arch: &apos;amd64&apos;, os.version: &apos;10.0&apos;, java.version: &apos;12.0.1&apos;&#10;Driver info: driver.version: unknown&#10;remote stacktrace: &#10;Command duration or timeout: 1.18 seconds"/>
  </testcase>
  <testcase name="validatefooterForContacts" classname="com.atmecs.testScripts.HomePagetestscripts" time="0">
    <skipped message="Unable to find a matching set of capabilities&#10;Build info: version: &apos;3.141.59&apos;, revision: &apos;e82be7d358&apos;, time: &apos;2018-11-14T08:25:53&apos;&#10;System info: host: &apos;ATMECSINLT-038&apos;, ip: &apos;55.55.52.193&apos;, os.name: &apos;Windows 10&apos;, os.arch: &apos;amd64&apos;, os.version: &apos;10.0&apos;, java.version: &apos;12.0.1&apos;&#10;Driver info: driver.version: unknown&#10;remote stacktrace: &#10;Command duration or timeout: 1.18 seconds"/>
  </testcase>
  <testcase name="clickInsights" classname="com.atmecs.testScripts.HomePagetestscripts" time="0">
    <skipped message="Unable to find a matching set of capabilities&#10;Build info: version: &apos;3.141.59&apos;, revision: &apos;e82be7d358&apos;, time: &apos;2018-11-14T08:25:53&apos;&#10;System info: host: &apos;ATMECSINLT-038&apos;, ip: &apos;55.55.52.193&apos;, os.name: &apos;Windows 10&apos;, os.arch: &apos;amd64&apos;, os.version: &apos;10.0&apos;, java.version: &apos;12.0.1&apos;&#10;Driver info: driver.version: unknown&#10;remote stacktrace: &#10;Command duration or timeout: 1.18 seconds"/>
  </testcase>
  <testcase name="validatefooterForInsights" classname="com.atmecs.testScripts.HomePagetestscripts" time="0">
    <skipped message="Unable to find a matching set of capabilities&#10;Build info: version: &apos;3.141.59&apos;, revision: &apos;e82be7d358&apos;, time: &apos;2018-11-14T08:25:53&apos;&#10;System info: host: &apos;ATMECSINLT-038&apos;, ip: &apos;55.55.52.193&apos;, os.name: &apos;Windows 10&apos;, os.arch: &apos;amd64&apos;, os.version: &apos;10.0&apos;, java.version: &apos;12.0.1&apos;&#10;Driver info: driver.version: unknown&#10;remote stacktrace: &#10;Command duration or timeout: 1.18 seconds"/>
    <system-out><![CDATA[15
1
]]></system-out>
  </testcase>
  <testcase name="validatefooterForInsights" classname="com.atmecs.testScripts.HomePagetestscripts" time="0">
    <skipped message="Unable to find a matching set of capabilities&#10;Build info: version: &apos;3.141.59&apos;, revision: &apos;e82be7d358&apos;, time: &apos;2018-11-14T08:25:53&apos;&#10;System info: host: &apos;ATMECSINLT-038&apos;, ip: &apos;55.55.52.193&apos;, os.name: &apos;Windows 10&apos;, os.arch: &apos;amd64&apos;, os.version: &apos;10.0&apos;, java.version: &apos;12.0.1&apos;&#10;Driver info: driver.version: unknown&#10;remote stacktrace: &#10;Command duration or timeout: 1.18 seconds"/>
  </testcase>
  <testcase name="validatefooterForInsights" classname="com.atmecs.testScripts.HomePagetestscripts" time="0">
    <skipped message="Unable to find a matching set of capabilities&#10;Build info: version: &apos;3.141.59&apos;, revision: &apos;e82be7d358&apos;, time: &apos;2018-11-14T08:25:53&apos;&#10;System info: host: &apos;ATMECSINLT-038&apos;, ip: &apos;55.55.52.193&apos;, os.name: &apos;Windows 10&apos;, os.arch: &apos;amd64&apos;, os.version: &apos;10.0&apos;, java.version: &apos;12.0.1&apos;&#10;Driver info: driver.version: unknown&#10;remote stacktrace: &#10;Command duration or timeout: 1.18 seconds"/>
  </testcase>
  <testcase name="validatefooterForInsights" classname="com.atmecs.testScripts.HomePagetestscripts" time="0">
    <skipped message="Unable to find a matching set of capabilities&#10;Build info: version: &apos;3.141.59&apos;, revision: &apos;e82be7d358&apos;, time: &apos;2018-11-14T08:25:53&apos;&#10;System info: host: &apos;ATMECSINLT-038&apos;, ip: &apos;55.55.52.193&apos;, os.name: &apos;Windows 10&apos;, os.arch: &apos;amd64&apos;, os.version: &apos;10.0&apos;, java.version: &apos;12.0.1&apos;&#10;Driver info: driver.version: unknown&#10;remote stacktrace: &#10;Command duration or timeout: 1.18 seconds"/>
  </testcase>
  <testcase name="validatefooterForInsights" classname="com.atmecs.testScripts.HomePagetestscripts" time="0">
    <skipped message="Unable to find a matching set of capabilities&#10;Build info: version: &apos;3.141.59&apos;, revision: &apos;e82be7d358&apos;, time: &apos;2018-11-14T08:25:53&apos;&#10;System info: host: &apos;ATMECSINLT-038&apos;, ip: &apos;55.55.52.193&apos;, os.name: &apos;Windows 10&apos;, os.arch: &apos;amd64&apos;, os.version: &apos;10.0&apos;, java.version: &apos;12.0.1&apos;&#10;Driver info: driver.version: unknown&#10;remote stacktrace: &#10;Command duration or timeout: 1.18 seconds"/>
  </testcase>
  <testcase name="validatefooterForInsights" classname="com.atmecs.testScripts.HomePagetestscripts" time="0">
    <skipped message="Unable to find a matching set of capabilities&#10;Build info: version: &apos;3.141.59&apos;, revision: &apos;e82be7d358&apos;, time: &apos;2018-11-14T08:25:53&apos;&#10;System info: host: &apos;ATMECSINLT-038&apos;, ip: &apos;55.55.52.193&apos;, os.name: &apos;Windows 10&apos;, os.arch: &apos;amd64&apos;, os.version: &apos;10.0&apos;, java.version: &apos;12.0.1&apos;&#10;Driver info: driver.version: unknown&#10;remote stacktrace: &#10;Command duration or timeout: 1.18 seconds"/>
  </testcase>
  <testcase name="validatefooterForInsights" classname="com.atmecs.testScripts.HomePagetestscripts" time="0">
    <skipped message="Unable to find a matching set of capabilities&#10;Build info: version: &apos;3.141.59&apos;, revision: &apos;e82be7d358&apos;, time: &apos;2018-11-14T08:25:53&apos;&#10;System info: host: &apos;ATMECSINLT-038&apos;, ip: &apos;55.55.52.193&apos;, os.name: &apos;Windows 10&apos;, os.arch: &apos;amd64&apos;, os.version: &apos;10.0&apos;, java.version: &apos;12.0.1&apos;&#10;Driver info: driver.version: unknown&#10;remote stacktrace: &#10;Command duration or timeout: 1.18 seconds"/>
  </testcase>
  <testcase name="validatefooterForInsights" classname="com.atmecs.testScripts.HomePagetestscripts" time="0">
    <skipped message="Unable to find a matching set of capabilities&#10;Build info: version: &apos;3.141.59&apos;, revision: &apos;e82be7d358&apos;, time: &apos;2018-11-14T08:25:53&apos;&#10;System info: host: &apos;ATMECSINLT-038&apos;, ip: &apos;55.55.52.193&apos;, os.name: &apos;Windows 10&apos;, os.arch: &apos;amd64&apos;, os.version: &apos;10.0&apos;, java.version: &apos;12.0.1&apos;&#10;Driver info: driver.version: unknown&#10;remote stacktrace: &#10;Command duration or timeout: 1.18 seconds"/>
  </testcase>
  <testcase name="validatefooterForInsights" classname="com.atmecs.testScripts.HomePagetestscripts" time="0">
    <skipped message="Unable to find a matching set of capabilities&#10;Build info: version: &apos;3.141.59&apos;, revision: &apos;e82be7d358&apos;, time: &apos;2018-11-14T08:25:53&apos;&#10;System info: host: &apos;ATMECSINLT-038&apos;, ip: &apos;55.55.52.193&apos;, os.name: &apos;Windows 10&apos;, os.arch: &apos;amd64&apos;, os.version: &apos;10.0&apos;, java.version: &apos;12.0.1&apos;&#10;Driver info: driver.version: unknown&#10;remote stacktrace: &#10;Command duration or timeout: 1.18 seconds"/>
  </testcase>
  <testcase name="validatefooterForInsights" classname="com.atmecs.testScripts.HomePagetestscripts" time="0">
    <skipped message="Unable to find a matching set of capabilities&#10;Build info: version: &apos;3.141.59&apos;, revision: &apos;e82be7d358&apos;, time: &apos;2018-11-14T08:25:53&apos;&#10;System info: host: &apos;ATMECSINLT-038&apos;, ip: &apos;55.55.52.193&apos;, os.name: &apos;Windows 10&apos;, os.arch: &apos;amd64&apos;, os.version: &apos;10.0&apos;, java.version: &apos;12.0.1&apos;&#10;Driver info: driver.version: unknown&#10;remote stacktrace: &#10;Command duration or timeout: 1.18 seconds"/>
  </testcase>
  <testcase name="validatefooterForInsights" classname="com.atmecs.testScripts.HomePagetestscripts" time="0">
    <skipped message="Unable to find a matching set of capabilities&#10;Build info: version: &apos;3.141.59&apos;, revision: &apos;e82be7d358&apos;, time: &apos;2018-11-14T08:25:53&apos;&#10;System info: host: &apos;ATMECSINLT-038&apos;, ip: &apos;55.55.52.193&apos;, os.name: &apos;Windows 10&apos;, os.arch: &apos;amd64&apos;, os.version: &apos;10.0&apos;, java.version: &apos;12.0.1&apos;&#10;Driver info: driver.version: unknown&#10;remote stacktrace: &#10;Command duration or timeout: 1.18 seconds"/>
  </testcase>
  <testcase name="validatefooterForInsights" classname="com.atmecs.testScripts.HomePagetestscripts" time="0">
    <skipped message="Unable to find a matching set of capabilities&#10;Build info: version: &apos;3.141.59&apos;, revision: &apos;e82be7d358&apos;, time: &apos;2018-11-14T08:25:53&apos;&#10;System info: host: &apos;ATMECSINLT-038&apos;, ip: &apos;55.55.52.193&apos;, os.name: &apos;Windows 10&apos;, os.arch: &apos;amd64&apos;, os.version: &apos;10.0&apos;, java.version: &apos;12.0.1&apos;&#10;Driver info: driver.version: unknown&#10;remote stacktrace: &#10;Command duration or timeout: 1.18 seconds"/>
  </testcase>
  <testcase name="validatefooterForInsights" classname="com.atmecs.testScripts.HomePagetestscripts" time="0">
    <skipped message="Unable to find a matching set of capabilities&#10;Build info: version: &apos;3.141.59&apos;, revision: &apos;e82be7d358&apos;, time: &apos;2018-11-14T08:25:53&apos;&#10;System info: host: &apos;ATMECSINLT-038&apos;, ip: &apos;55.55.52.193&apos;, os.name: &apos;Windows 10&apos;, os.arch: &apos;amd64&apos;, os.version: &apos;10.0&apos;, java.version: &apos;12.0.1&apos;&#10;Driver info: driver.version: unknown&#10;remote stacktrace: &#10;Command duration or timeout: 1.18 seconds"/>
  </testcase>
  <testcase name="validatefooterForInsights" classname="com.atmecs.testScripts.HomePagetestscripts" time="0">
    <skipped message="Unable to find a matching set of capabilities&#10;Build info: version: &apos;3.141.59&apos;, revision: &apos;e82be7d358&apos;, time: &apos;2018-11-14T08:25:53&apos;&#10;System info: host: &apos;ATMECSINLT-038&apos;, ip: &apos;55.55.52.193&apos;, os.name: &apos;Windows 10&apos;, os.arch: &apos;amd64&apos;, os.version: &apos;10.0&apos;, java.version: &apos;12.0.1&apos;&#10;Driver info: driver.version: unknown&#10;remote stacktrace: &#10;Command duration or timeout: 1.18 seconds"/>
  </testcase>
  <testcase name="validatefooterForInsights" classname="com.atmecs.testScripts.HomePagetestscripts" time="0">
    <skipped message="Unable to find a matching set of capabilities&#10;Build info: version: &apos;3.141.59&apos;, revision: &apos;e82be7d358&apos;, time: &apos;2018-11-14T08:25:53&apos;&#10;System info: host: &apos;ATMECSINLT-038&apos;, ip: &apos;55.55.52.193&apos;, os.name: &apos;Windows 10&apos;, os.arch: &apos;amd64&apos;, os.version: &apos;10.0&apos;, java.version: &apos;12.0.1&apos;&#10;Driver info: driver.version: unknown&#10;remote stacktrace: &#10;Command duration or timeout: 1.18 seconds"/>
  </testcase>
  <testcase name="print" classname="com.atmecs.testScripts.HomePagetestscripts" time="0">
    <skipped/>
  </testcase>
  <testcase name="intitailizeBrowser" classname="com.atmecs.testScripts.ValidateAnchors" time="7.491">
    <failure message="Unable to find a matching set of capabilities&#10;Build info: version: &apos;3.141.59&apos;, revision: &apos;e82be7d358&apos;, time: &apos;2018-11-14T08:25:53&apos;&#10;System info: host: &apos;ATMECSINLT-038&apos;, ip: &apos;55.55.52.193&apos;, os.name: &apos;Windows 10&apos;, os.arch: &apos;amd64&apos;, os.version: &apos;10.0&apos;, java.version: &apos;12.0.1&apos;&#10;Driver info: driver.version: unknown&#10;remote stacktrace: &#10;Command duration or timeout: 856 milliseconds" type="org.openqa.selenium.SessionNotCreatedException">org.openqa.selenium.SessionNotCreatedException: 
Unable to find a matching set of capabilities
Build info: version: '3.141.59', revision: 'e82be7d358', time: '2018-11-14T08:25:53'
System info: host: 'ATMECSINLT-038', ip: '55.55.52.193', os.name: 'Windows 10', os.arch: 'amd64', os.version: '10.0', java.version: '12.0.1'
Driver info: driver.version: unknown
remote stacktrace: 
Command duration or timeout: 856 milliseconds
Caused by: org.openqa.selenium.SessionNotCreatedException: 
Unable to find a matching set of capabilities
Build info: version: '3.141.59', revision: 'e82be7d358', time: '2018-11-14T08:25:53'
System info: host: 'ATMECSINLT-038', ip: '55.55.52.193', os.name: 'Windows 10', os.arch: 'amd64', os.version: '10.0', java.version: '12.0.1'
Driver info: driver.version: unknown
remote stacktrace: 
Build info: version: '3.141.59', revision: 'e82be7d358', time: '2018-11-14T08:17:03'
System info: host: 'ATMECSINLT-038', ip: '55.55.52.193', os.name: 'Windows 10', os.arch: 'amd64', os.version: '10.0', java.version: '12.0.1'
Driver info: driver.version: unknown
</failure>
    <system-out><![CDATA[Grid connection
]]></system-out>
  </testcase>
  <testcase name="moveToDigitalLife" classname="com.atmecs.testScripts.ValidateAnchors" time="0">
    <skipped message="Unable to find a matching set of capabilities&#10;Build info: version: &apos;3.141.59&apos;, revision: &apos;e82be7d358&apos;, time: &apos;2018-11-14T08:25:53&apos;&#10;System info: host: &apos;ATMECSINLT-038&apos;, ip: &apos;55.55.52.193&apos;, os.name: &apos;Windows 10&apos;, os.arch: &apos;amd64&apos;, os.version: &apos;10.0&apos;, java.version: &apos;12.0.1&apos;&#10;Driver info: driver.version: unknown&#10;remote stacktrace: &#10;Command duration or timeout: 856 milliseconds"/>
  </testcase>
  <testcase name="tearDown" classname="com.atmecs.testScripts.ValidateAnchors" time="0">
    <skipped/>
  </testcase>
  <testcase name="tearDown" classname="com.atmecs.testScripts.ValidateAnchors" time="0">
    <skipped/>
  </testcase>
  <testcase name="tearDown" classname="com.atmecs.testScripts.ValidateAnchors" time="0">
    <skipped/>
  </testcase>
  <testcase name="tearDown" classname="com.atmecs.testScripts.ValidateAnchors" time="0">
    <skipped/>
  </testcase>
  <testcase name="tearDown" classname="com.atmecs.testScripts.ValidateAnchors" time="0">
    <skipped/>
  </testcase>
  <testcase name="tearDown" classname="com.atmecs.testScripts.ValidateAnchors" time="0">
    <skipped/>
  </testcase>
  <testcase name="tearDown" classname="com.atmecs.testScripts.ValidateAnchors" time="0">
    <skipped/>
  </testcase>
  <testcase name="tearDown" classname="com.atmecs.testScripts.ValidateAnchors" time="0">
    <skipped/>
  </testcase>
  <testcase name="tearDown" classname="com.atmecs.testScripts.ValidateAnchors" time="0">
    <skipped/>
  </testcase>
  <testcase name="tearDown" classname="com.atmecs.testScripts.ValidateAnchors" time="0">
    <skipped/>
  </testcase>
  <testcase name="tearDown" classname="com.atmecs.testScripts.ValidateAnchors" time="0">
    <skipped/>
  </testcase>
  <testcase name="tearDown" classname="com.atmecs.testScripts.ValidateAnchors" time="0">
    <skipped/>
  </testcase>
  <testcase name="tearDown" classname="com.atmecs.testScripts.ValidateAnchors" time="0">
    <skipped/>
  </testcase>
  <testcase name="tearDown" classname="com.atmecs.testScripts.ValidateAnchors" time="0">
    <skipped/>
  </testcase>
  <testcase name="isDigitalLifeAnchorPresent" classname="com.atmecs.testScripts.ValidateAnchors" time="0">
    <skipped message="Unable to find a matching set of capabilities&#10;Build info: version: &apos;3.141.59&apos;, revision: &apos;e82be7d358&apos;, time: &apos;2018-11-14T08:25:53&apos;&#10;System info: host: &apos;ATMECSINLT-038&apos;, ip: &apos;55.55.52.193&apos;, os.name: &apos;Windows 10&apos;, os.arch: &apos;amd64&apos;, os.version: &apos;10.0&apos;, java.version: &apos;12.0.1&apos;&#10;Driver info: driver.version: unknown&#10;remote stacktrace: &#10;Command duration or timeout: 856 milliseconds"/>
    <system-out><![CDATA[6
1
]]></system-out>
  </testcase>
  <testcase name="isDigitalLifeAnchorPresent" classname="com.atmecs.testScripts.ValidateAnchors" time="0">
    <skipped message="Unable to find a matching set of capabilities&#10;Build info: version: &apos;3.141.59&apos;, revision: &apos;e82be7d358&apos;, time: &apos;2018-11-14T08:25:53&apos;&#10;System info: host: &apos;ATMECSINLT-038&apos;, ip: &apos;55.55.52.193&apos;, os.name: &apos;Windows 10&apos;, os.arch: &apos;amd64&apos;, os.version: &apos;10.0&apos;, java.version: &apos;12.0.1&apos;&#10;Driver info: driver.version: unknown&#10;remote stacktrace: &#10;Command duration or timeout: 856 milliseconds"/>
  </testcase>
  <testcase name="isDigitalLifeAnchorPresent" classname="com.atmecs.testScripts.ValidateAnchors" time="0">
    <skipped message="Unable to find a matching set of capabilities&#10;Build info: version: &apos;3.141.59&apos;, revision: &apos;e82be7d358&apos;, time: &apos;2018-11-14T08:25:53&apos;&#10;System info: host: &apos;ATMECSINLT-038&apos;, ip: &apos;55.55.52.193&apos;, os.name: &apos;Windows 10&apos;, os.arch: &apos;amd64&apos;, os.version: &apos;10.0&apos;, java.version: &apos;12.0.1&apos;&#10;Driver info: driver.version: unknown&#10;remote stacktrace: &#10;Command duration or timeout: 856 milliseconds"/>
  </testcase>
  <testcase name="isDigitalLifeAnchorPresent" classname="com.atmecs.testScripts.ValidateAnchors" time="0">
    <skipped message="Unable to find a matching set of capabilities&#10;Build info: version: &apos;3.141.59&apos;, revision: &apos;e82be7d358&apos;, time: &apos;2018-11-14T08:25:53&apos;&#10;System info: host: &apos;ATMECSINLT-038&apos;, ip: &apos;55.55.52.193&apos;, os.name: &apos;Windows 10&apos;, os.arch: &apos;amd64&apos;, os.version: &apos;10.0&apos;, java.version: &apos;12.0.1&apos;&#10;Driver info: driver.version: unknown&#10;remote stacktrace: &#10;Command duration or timeout: 856 milliseconds"/>
  </testcase>
  <testcase name="isDigitalLifeAnchorPresent" classname="com.atmecs.testScripts.ValidateAnchors" time="0">
    <skipped message="Unable to find a matching set of capabilities&#10;Build info: version: &apos;3.141.59&apos;, revision: &apos;e82be7d358&apos;, time: &apos;2018-11-14T08:25:53&apos;&#10;System info: host: &apos;ATMECSINLT-038&apos;, ip: &apos;55.55.52.193&apos;, os.name: &apos;Windows 10&apos;, os.arch: &apos;amd64&apos;, os.version: &apos;10.0&apos;, java.version: &apos;12.0.1&apos;&#10;Driver info: driver.version: unknown&#10;remote stacktrace: &#10;Command duration or timeout: 856 milliseconds"/>
  </testcase>
  <testcase name="isDigitalLifeAnchorPresent" classname="com.atmecs.testScripts.ValidateAnchors" time="0">
    <skipped message="Unable to find a matching set of capabilities&#10;Build info: version: &apos;3.141.59&apos;, revision: &apos;e82be7d358&apos;, time: &apos;2018-11-14T08:25:53&apos;&#10;System info: host: &apos;ATMECSINLT-038&apos;, ip: &apos;55.55.52.193&apos;, os.name: &apos;Windows 10&apos;, os.arch: &apos;amd64&apos;, os.version: &apos;10.0&apos;, java.version: &apos;12.0.1&apos;&#10;Driver info: driver.version: unknown&#10;remote stacktrace: &#10;Command duration or timeout: 856 milliseconds"/>
  </testcase>
  <testcase name="moveToInfrastructure" classname="com.atmecs.testScripts.ValidateAnchors" time="0">
    <skipped message="Unable to find a matching set of capabilities&#10;Build info: version: &apos;3.141.59&apos;, revision: &apos;e82be7d358&apos;, time: &apos;2018-11-14T08:25:53&apos;&#10;System info: host: &apos;ATMECSINLT-038&apos;, ip: &apos;55.55.52.193&apos;, os.name: &apos;Windows 10&apos;, os.arch: &apos;amd64&apos;, os.version: &apos;10.0&apos;, java.version: &apos;12.0.1&apos;&#10;Driver info: driver.version: unknown&#10;remote stacktrace: &#10;Command duration or timeout: 856 milliseconds"/>
  </testcase>
  <testcase name="isInfrastructureAnchorPresent" classname="com.atmecs.testScripts.ValidateAnchors" time="0">
    <skipped message="Unable to find a matching set of capabilities&#10;Build info: version: &apos;3.141.59&apos;, revision: &apos;e82be7d358&apos;, time: &apos;2018-11-14T08:25:53&apos;&#10;System info: host: &apos;ATMECSINLT-038&apos;, ip: &apos;55.55.52.193&apos;, os.name: &apos;Windows 10&apos;, os.arch: &apos;amd64&apos;, os.version: &apos;10.0&apos;, java.version: &apos;12.0.1&apos;&#10;Driver info: driver.version: unknown&#10;remote stacktrace: &#10;Command duration or timeout: 856 milliseconds"/>
    <system-out><![CDATA[6
1
]]></system-out>
  </testcase>
  <testcase name="isInfrastructureAnchorPresent" classname="com.atmecs.testScripts.ValidateAnchors" time="0">
    <skipped message="Unable to find a matching set of capabilities&#10;Build info: version: &apos;3.141.59&apos;, revision: &apos;e82be7d358&apos;, time: &apos;2018-11-14T08:25:53&apos;&#10;System info: host: &apos;ATMECSINLT-038&apos;, ip: &apos;55.55.52.193&apos;, os.name: &apos;Windows 10&apos;, os.arch: &apos;amd64&apos;, os.version: &apos;10.0&apos;, java.version: &apos;12.0.1&apos;&#10;Driver info: driver.version: unknown&#10;remote stacktrace: &#10;Command duration or timeout: 856 milliseconds"/>
  </testcase>
  <testcase name="isInfrastructureAnchorPresent" classname="com.atmecs.testScripts.ValidateAnchors" time="0">
    <skipped message="Unable to find a matching set of capabilities&#10;Build info: version: &apos;3.141.59&apos;, revision: &apos;e82be7d358&apos;, time: &apos;2018-11-14T08:25:53&apos;&#10;System info: host: &apos;ATMECSINLT-038&apos;, ip: &apos;55.55.52.193&apos;, os.name: &apos;Windows 10&apos;, os.arch: &apos;amd64&apos;, os.version: &apos;10.0&apos;, java.version: &apos;12.0.1&apos;&#10;Driver info: driver.version: unknown&#10;remote stacktrace: &#10;Command duration or timeout: 856 milliseconds"/>
  </testcase>
  <testcase name="isInfrastructureAnchorPresent" classname="com.atmecs.testScripts.ValidateAnchors" time="0">
    <skipped message="Unable to find a matching set of capabilities&#10;Build info: version: &apos;3.141.59&apos;, revision: &apos;e82be7d358&apos;, time: &apos;2018-11-14T08:25:53&apos;&#10;System info: host: &apos;ATMECSINLT-038&apos;, ip: &apos;55.55.52.193&apos;, os.name: &apos;Windows 10&apos;, os.arch: &apos;amd64&apos;, os.version: &apos;10.0&apos;, java.version: &apos;12.0.1&apos;&#10;Driver info: driver.version: unknown&#10;remote stacktrace: &#10;Command duration or timeout: 856 milliseconds"/>
  </testcase>
  <testcase name="isInfrastructureAnchorPresent" classname="com.atmecs.testScripts.ValidateAnchors" time="0">
    <skipped message="Unable to find a matching set of capabilities&#10;Build info: version: &apos;3.141.59&apos;, revision: &apos;e82be7d358&apos;, time: &apos;2018-11-14T08:25:53&apos;&#10;System info: host: &apos;ATMECSINLT-038&apos;, ip: &apos;55.55.52.193&apos;, os.name: &apos;Windows 10&apos;, os.arch: &apos;amd64&apos;, os.version: &apos;10.0&apos;, java.version: &apos;12.0.1&apos;&#10;Driver info: driver.version: unknown&#10;remote stacktrace: &#10;Command duration or timeout: 856 milliseconds"/>
  </testcase>
  <testcase name="isInfrastructureAnchorPresent" classname="com.atmecs.testScripts.ValidateAnchors" time="0">
    <skipped message="Unable to find a matching set of capabilities&#10;Build info: version: &apos;3.141.59&apos;, revision: &apos;e82be7d358&apos;, time: &apos;2018-11-14T08:25:53&apos;&#10;System info: host: &apos;ATMECSINLT-038&apos;, ip: &apos;55.55.52.193&apos;, os.name: &apos;Windows 10&apos;, os.arch: &apos;amd64&apos;, os.version: &apos;10.0&apos;, java.version: &apos;12.0.1&apos;&#10;Driver info: driver.version: unknown&#10;remote stacktrace: &#10;Command duration or timeout: 856 milliseconds"/>
  </testcase>
  <testcase name="print" classname="com.atmecs.testScripts.ValidateAnchors" time="0">
    <skipped/>
  </testcase>
  <testcase name="intitailizeBrowser" classname="com.atmecs.testScripts.InsightsValidation" time="8.64">
    <failure message="Unable to find a matching set of capabilities&#10;Build info: version: &apos;3.141.59&apos;, revision: &apos;e82be7d358&apos;, time: &apos;2018-11-14T08:25:53&apos;&#10;System info: host: &apos;ATMECSINLT-038&apos;, ip: &apos;55.55.52.193&apos;, os.name: &apos;Windows 10&apos;, os.arch: &apos;amd64&apos;, os.version: &apos;10.0&apos;, java.version: &apos;12.0.1&apos;&#10;Driver info: driver.version: unknown&#10;remote stacktrace: &#10;Command duration or timeout: 732 milliseconds" type="org.openqa.selenium.SessionNotCreatedException">org.openqa.selenium.SessionNotCreatedException: 
Unable to find a matching set of capabilities
Build info: version: '3.141.59', revision: 'e82be7d358', time: '2018-11-14T08:25:53'
System info: host: 'ATMECSINLT-038', ip: '55.55.52.193', os.name: 'Windows 10', os.arch: 'amd64', os.version: '10.0', java.version: '12.0.1'
Driver info: driver.version: unknown
remote stacktrace: 
Command duration or timeout: 732 milliseconds
Caused by: org.openqa.selenium.SessionNotCreatedException: 
Unable to find a matching set of capabilities
Build info: version: '3.141.59', revision: 'e82be7d358', time: '2018-11-14T08:25:53'
System info: host: 'ATMECSINLT-038', ip: '55.55.52.193', os.name: 'Windows 10', os.arch: 'amd64', os.version: '10.0', java.version: '12.0.1'
Driver info: driver.version: unknown
remote stacktrace: 
Build info: version: '3.141.59', revision: 'e82be7d358', time: '2018-11-14T08:17:03'
System info: host: 'ATMECSINLT-038', ip: '55.55.52.193', os.name: 'Windows 10', os.arch: 'amd64', os.version: '10.0', java.version: '12.0.1'
Driver info: driver.version: unknown
</failure>
    <system-out><![CDATA[Grid connection
]]></system-out>
  </testcase>
  <testcase name="anchorRedirection" classname="com.atmecs.testScripts.InsightsValidation" time="0">
    <skipped message="Unable to find a matching set of capabilities&#10;Build info: version: &apos;3.141.59&apos;, revision: &apos;e82be7d358&apos;, time: &apos;2018-11-14T08:25:53&apos;&#10;System info: host: &apos;ATMECSINLT-038&apos;, ip: &apos;55.55.52.193&apos;, os.name: &apos;Windows 10&apos;, os.arch: &apos;amd64&apos;, os.version: &apos;10.0&apos;, java.version: &apos;12.0.1&apos;&#10;Driver info: driver.version: unknown&#10;remote stacktrace: &#10;Command duration or timeout: 732 milliseconds"/>
  </testcase>
  <testcase name="tearDown" classname="com.atmecs.testScripts.InsightsValidation" time="0">
    <skipped/>
  </testcase>
  <testcase name="tearDown" classname="com.atmecs.testScripts.InsightsValidation" time="0">
    <skipped/>
  </testcase>
  <testcase name="tearDown" classname="com.atmecs.testScripts.InsightsValidation" time="0">
    <skipped/>
  </testcase>
  <testcase name="tearDown" classname="com.atmecs.testScripts.InsightsValidation" time="0">
    <skipped/>
  </testcase>
  <testcase name="tearDown" classname="com.atmecs.testScripts.InsightsValidation" time="0">
    <skipped/>
  </testcase>
  <testcase name="validateDate" classname="com.atmecs.testScripts.InsightsValidation" time="0">
    <skipped message="Unable to find a matching set of capabilities&#10;Build info: version: &apos;3.141.59&apos;, revision: &apos;e82be7d358&apos;, time: &apos;2018-11-14T08:25:53&apos;&#10;System info: host: &apos;ATMECSINLT-038&apos;, ip: &apos;55.55.52.193&apos;, os.name: &apos;Windows 10&apos;, os.arch: &apos;amd64&apos;, os.version: &apos;10.0&apos;, java.version: &apos;12.0.1&apos;&#10;Driver info: driver.version: unknown&#10;remote stacktrace: &#10;Command duration or timeout: 732 milliseconds"/>
  </testcase>
  <testcase name="validateTitle" classname="com.atmecs.testScripts.InsightsValidation" time="0">
    <skipped message="Unable to find a matching set of capabilities&#10;Build info: version: &apos;3.141.59&apos;, revision: &apos;e82be7d358&apos;, time: &apos;2018-11-14T08:25:53&apos;&#10;System info: host: &apos;ATMECSINLT-038&apos;, ip: &apos;55.55.52.193&apos;, os.name: &apos;Windows 10&apos;, os.arch: &apos;amd64&apos;, os.version: &apos;10.0&apos;, java.version: &apos;12.0.1&apos;&#10;Driver info: driver.version: unknown&#10;remote stacktrace: &#10;Command duration or timeout: 732 milliseconds"/>
  </testcase>
  <testcase name="validateBreadCrumb" classname="com.atmecs.testScripts.InsightsValidation" time="0">
    <skipped message="Unable to find a matching set of capabilities&#10;Build info: version: &apos;3.141.59&apos;, revision: &apos;e82be7d358&apos;, time: &apos;2018-11-14T08:25:53&apos;&#10;System info: host: &apos;ATMECSINLT-038&apos;, ip: &apos;55.55.52.193&apos;, os.name: &apos;Windows 10&apos;, os.arch: &apos;amd64&apos;, os.version: &apos;10.0&apos;, java.version: &apos;12.0.1&apos;&#10;Driver info: driver.version: unknown&#10;remote stacktrace: &#10;Command duration or timeout: 732 milliseconds"/>
  </testcase>
  <testcase name="validateErrorMsg" classname="com.atmecs.testScripts.InsightsValidation" time="0">
    <skipped message="Unable to find a matching set of capabilities&#10;Build info: version: &apos;3.141.59&apos;, revision: &apos;e82be7d358&apos;, time: &apos;2018-11-14T08:25:53&apos;&#10;System info: host: &apos;ATMECSINLT-038&apos;, ip: &apos;55.55.52.193&apos;, os.name: &apos;Windows 10&apos;, os.arch: &apos;amd64&apos;, os.version: &apos;10.0&apos;, java.version: &apos;12.0.1&apos;&#10;Driver info: driver.version: unknown&#10;remote stacktrace: &#10;Command duration or timeout: 732 milliseconds"/>
  </testcase>
  <testcase name="print" classname="com.atmecs.testScripts.InsightsValidation" time="0">
    <skipped/>
  </testcase>
  <testcase name="endReport" classname="com.atmecs.testScripts.InsightsValidation" time="0">
    <skipped/>
  </testcase>
</testsuite>